#
# There is insufficient memory for the Java Runtime Environment to continue.
# Native memory allocation (malloc) failed to allocate 893536 bytes. Error detail: Chunk::new
# Possible reasons:
#   The system is out of physical RAM or swap space
#   This process is running with CompressedOops enabled, and the Java Heap may be blocking the growth of the native heap
# Possible solutions:
#   Reduce memory load on the system
#   Increase physical memory or swap space
#   Check if swap backing store is full
#   Decrease Java heap size (-Xmx/-Xms)
#   Decrease number of Java threads
#   Decrease Java thread stack sizes (-Xss)
#   Set larger code cache with -XX:ReservedCodeCacheSize=
#   JVM is running with Zero Based Compressed Oops mode in which the Java heap is
#     placed in the first 32GB address space. The Java Heap base address is the
#     maximum limit for the native heap growth. Please use -XX:HeapBaseMinAddress
#     to set the Java Heap base and to place the Java Heap above 32GB virtual address.
# This output file may be truncated or incomplete.
#
#  Out of Memory Error (arena.cpp:149), pid=25572, tid=16124
#
# JRE version: OpenJDK Runtime Environment (23.0+37) (build 23+37-2369)
# Java VM: OpenJDK 64-Bit Server VM (23+37-2369, mixed mode, sharing, tiered, compressed oops, compressed class ptrs, g1 gc, windows-amd64)
# No core dump will be written. Minidumps are not enabled by default on client versions of Windows
#

---------------  S U M M A R Y ------------

Command Line: -ea -Didea.test.cyclic.buffer.size=1048576 -javaagent:D:\Program\intellJ\IntelliJ IDEA Community Edition 2024.2.2\lib\idea_rt.jar=6569:D:\Program\intellJ\IntelliJ IDEA Community Edition 2024.2.2\bin -Dfile.encoding=UTF-8 -Dsun.stdout.encoding=UTF-8 -Dsun.stderr.encoding=UTF-8 com.intellij.rt.testng.RemoteTestNGStarter -usedefaultlisteners false -socket6568 @w@C:\Users\lenovo\AppData\Local\Temp\idea_working_dirs_testng.tmp -temp C:\Users\lenovo\AppData\Local\Temp\idea_testng.tmp

Host: Intel(R) Core(TM) i7-7700HQ CPU @ 2.80GHz, 8 cores, 15G,  Windows 10 , 64 bit Build 19041 (10.0.19041.4842)
Time: Fri Oct  4 23:43:39 2024 Egypt Daylight Time elapsed time: 1.937838 seconds (0d 0h 0m 1s)

---------------  T H R E A D  ---------------

Current thread (0x0000020cc6bd61b0):  JavaThread "C2 CompilerThread2" daemon [_thread_in_native, id=16124, stack(0x0000009841500000,0x0000009841600000) (1024K)]


Current CompileTask:
C2:1937 2234       4       java.lang.invoke.MethodType::methodType (69 bytes)

Stack: [0x0000009841500000,0x0000009841600000]
Native frames: (J=compiled Java code, j=interpreted, Vv=VM code, C=native code)
V  [jvm.dll+0x6e08a9]  (no source info available)
V  [jvm.dll+0x87da63]  (no source info available)
V  [jvm.dll+0x87feee]  (no source info available)
V  [jvm.dll+0x8805c3]  (no source info available)
V  [jvm.dll+0x27aee6]  (no source info available)
V  [jvm.dll+0xbc06f]  (no source info available)
V  [jvm.dll+0xbc2cb]  (no source info available)
V  [jvm.dll+0x2ee94d]  (no source info available)
V  [jvm.dll+0x6063c9]  (no source info available)
V  [jvm.dll+0x24ddf2]  (no source info available)
V  [jvm.dll+0x24671d]  (no source info available)
V  [jvm.dll+0x243d04]  (no source info available)
V  [jvm.dll+0x1c33a0]  (no source info available)
V  [jvm.dll+0x253cf1]  (no source info available)
V  [jvm.dll+0x251faa]  (no source info available)
V  [jvm.dll+0x3ee036]  (no source info available)
V  [jvm.dll+0x824f1b]  (no source info available)
V  [jvm.dll+0x6df055]  (no source info available)
C  [ucrtbase.dll+0x21bb2]  (no source info available)
C  [KERNEL32.DLL+0x17374]  (no source info available)
C  [ntdll.dll+0x4cc91]  (no source info available)

Lock stack of current Java thread (top to bottom):


---------------  P R O C E S S  ---------------

Threads class SMR info:
_java_thread_list=0x0000020cc68ced40, length=21, elements={
0x0000020ccf9acb20, 0x0000020cf11105c0, 0x0000020cf11133a0, 0x0000020cf11171a0,
0x0000020cf1117c00, 0x0000020cf1118e00, 0x0000020cf111fae0, 0x0000020cf1122c30,
0x0000020cf112a2a0, 0x0000020cc50c8290, 0x0000020cc520f860, 0x0000020cc520fed0,
0x0000020cc65a5730, 0x0000020cc6407450, 0x0000020cc6bd61b0, 0x0000020cc7540ef0,
0x0000020cc79a1850, 0x0000020cc724ee30, 0x0000020cc6e4bd50, 0x0000020cc66421c0,
0x0000020cc68e1ad0
}

Java Threads: ( => current thread )
  0x0000020ccf9acb20 JavaThread "Forwarding newSession on session null to remote"        [_thread_in_vm, id=13320, stack(0x000000983f900000,0x000000983fa00000) (1024K)]
  0x0000020cf11105c0 JavaThread "Reference Handler"          daemon [_thread_blocked, id=19308, stack(0x0000009840100000,0x0000009840200000) (1024K)]
  0x0000020cf11133a0 JavaThread "Finalizer"                  daemon [_thread_blocked, id=7052, stack(0x0000009840200000,0x0000009840300000) (1024K)]
  0x0000020cf11171a0 JavaThread "Signal Dispatcher"          daemon [_thread_blocked, id=17712, stack(0x0000009840300000,0x0000009840400000) (1024K)]
  0x0000020cf1117c00 JavaThread "Attach Listener"            daemon [_thread_blocked, id=6532, stack(0x0000009840400000,0x0000009840500000) (1024K)]
  0x0000020cf1118e00 JavaThread "Service Thread"             daemon [_thread_blocked, id=20320, stack(0x0000009840500000,0x0000009840600000) (1024K)]
  0x0000020cf111fae0 JavaThread "Monitor Deflation Thread"   daemon [_thread_blocked, id=24408, stack(0x0000009840600000,0x0000009840700000) (1024K)]
  0x0000020cf1122c30 JavaThread "C2 CompilerThread0"         daemon [_thread_in_native, id=21540, stack(0x0000009840700000,0x0000009840800000) (1024K)]
  0x0000020cf112a2a0 JavaThread "C1 CompilerThread0"         daemon [_thread_in_vm, id=8900, stack(0x0000009840800000,0x0000009840900000) (1024K)]
  0x0000020cc50c8290 JavaThread "Common-Cleaner"             daemon [_thread_blocked, id=26016, stack(0x0000009840900000,0x0000009840a00000) (1024K)]
  0x0000020cc520f860 JavaThread "Monitor Ctrl-Break"         daemon [_thread_in_native, id=27304, stack(0x0000009840a00000,0x0000009840b00000) (1024K)]
  0x0000020cc520fed0 JavaThread "Notification Thread"        daemon [_thread_blocked, id=4292, stack(0x0000009840b00000,0x0000009840c00000) (1024K)]
  0x0000020cc65a5730 JavaThread "ForkJoinPool.commonPool-worker-1" daemon [_thread_blocked, id=19300, stack(0x0000009840c00000,0x0000009840d00000) (1024K)]
  0x0000020cc6407450 JavaThread "C2 CompilerThread1"         daemon [_thread_blocked, id=19496, stack(0x0000009840d00000,0x0000009840e00000) (1024K)]
=>0x0000020cc6bd61b0 JavaThread "C2 CompilerThread2"         daemon [_thread_in_native, id=16124, stack(0x0000009841500000,0x0000009841600000) (1024K)]
  0x0000020cc7540ef0 JavaThread "HttpClient-1-SelectorManager" daemon [_thread_in_native, id=19096, stack(0x0000009841600000,0x0000009841700000) (1024K)]
  0x0000020cc79a1850 JavaThread "External Process Output Forwarder - C:\Users\lenovo\.cache\selenium\chromedriver\win64\129.0.6668.89\chromedriver.exe" daemon [_thread_in_native, id=8496, stack(0x0000009841700000,0x0000009841800000) (1024K)]
  0x0000020cc724ee30 JavaThread "Driver Service Executor"    daemon [_thread_blocked, id=9368, stack(0x0000009841800000,0x0000009841900000) (1024K)]
  0x0000020cc6e4bd50 JavaThread "Driver Service Executor"    daemon [_thread_in_native, id=21968, stack(0x0000009841900000,0x0000009841a00000) (1024K)]
  0x0000020cc66421c0 JavaThread "UrlChecker-2"               daemon [_thread_blocked, id=4112, stack(0x0000009841a00000,0x0000009841b00000) (1024K)]
  0x0000020cc68e1ad0 JavaThread "Keep-Alive-Timer"           daemon [_thread_blocked, id=9080, stack(0x0000009841c00000,0x0000009841d00000) (1024K)]
Total: 21

Other Threads:
  0x0000020cf10f4cb0 VMThread "VM Thread"                           [id=17396, stack(0x0000009840000000,0x0000009840100000) (1024K)]
  0x0000020cf10e3500 WatcherThread "VM Periodic Task Thread"        [id=1060, stack(0x000000983ff00000,0x0000009840000000) (1024K)]
  0x0000020ccfa6dff0 WorkerThread "GC Thread#0"                     [id=26232, stack(0x000000983fa00000,0x000000983fb00000) (1024K)]
  0x0000020cc6277000 WorkerThread "GC Thread#1"                     [id=26392, stack(0x0000009840e00000,0x0000009840f00000) (1024K)]
  0x0000020cc62773b0 WorkerThread "GC Thread#2"                     [id=28072, stack(0x0000009840f00000,0x0000009841000000) (1024K)]
  0x0000020cc62b2100 WorkerThread "GC Thread#3"                     [id=4168, stack(0x0000009841000000,0x0000009841100000) (1024K)]
  0x0000020cc6298da0 WorkerThread "GC Thread#4"                     [id=23604, stack(0x0000009841100000,0x0000009841200000) (1024K)]
  0x0000020cc6297780 WorkerThread "GC Thread#5"                     [id=16148, stack(0x0000009841200000,0x0000009841300000) (1024K)]
  0x0000020cc6297b30 WorkerThread "GC Thread#6"                     [id=12472, stack(0x0000009841300000,0x0000009841400000) (1024K)]
  0x0000020cc6298290 WorkerThread "GC Thread#7"                     [id=12060, stack(0x0000009841400000,0x0000009841500000) (1024K)]
  0x0000020cd1c2a1a0 ConcurrentGCThread "G1 Main Marker"            [id=9104, stack(0x000000983fb00000,0x000000983fc00000) (1024K)]
  0x0000020cd1c2b260 WorkerThread "G1 Conc#0"                       [id=6572, stack(0x000000983fc00000,0x000000983fd00000) (1024K)]
  0x0000020cd1c6e9c0 ConcurrentGCThread "G1 Refine#0"               [id=24824, stack(0x000000983fd00000,0x000000983fe00000) (1024K)]
  0x0000020cf0faa720 ConcurrentGCThread "G1 Service"                [id=8252, stack(0x000000983fe00000,0x000000983ff00000) (1024K)]
Total: 14

Threads with active compile tasks:
C2 CompilerThread0  2047 1926       4       java.lang.invoke.MethodType::makeImpl (109 bytes)
C2 CompilerThread2  2047 2234       4       java.lang.invoke.MethodType::methodType (69 bytes)
Total: 2

VM state: not at safepoint (normal execution)

VM Mutex/Monitor currently owned by a thread: None

Heap address: 0x0000000701a00000, size: 4070 MB, Compressed Oops mode: Zero based, Oop shift amount: 3

CDS archive(s) mapped at: [0x0000020c80000000-0x0000020c80d70000-0x0000020c80d70000), size 14090240, SharedBaseAddress: 0x0000020c80000000, ArchiveRelocationMode: 1.
Compressed class space mapped at: 0x0000020c81000000-0x0000020cc1000000, reserved size: 1073741824
Narrow klass base: 0x0000020c80000000, Narrow klass shift: 0, Narrow klass range: 0x41000000

GC Precious Log:
 CardTable entry size: 512
 Card Set container configuration: InlinePtr #cards 4 size 8 Array Of Cards #cards 16 size 48 Howl #buckets 8 coarsen threshold 3686 Howl Bitmap #cards 512 size 80 coarsen threshold 460 Card regions per heap region 1 cards per card region 4096
 CPUs: 8 total, 8 available
 Memory: 16276M
 Large Page Support: Disabled
 NUMA Support: Disabled
 Compressed Oops: Enabled (Zero based)
 Heap Region Size: 2M
 Heap Min Capacity: 8M
 Heap Initial Capacity: 256M
 Heap Max Capacity: 4070M
 Pre-touch: Disabled
 Parallel Workers: 8
 Concurrent Workers: 2
 Concurrent Refinement Workers: 8
 Periodic GC: Disabled

Heap:
 garbage-first heap   total reserved 4167680K, committed 262144K, used 16259K [0x0000000701a00000, 0x0000000800000000)
  region size 2048K, 7 young (14336K), 2 survivors (4096K)
 Metaspace       used 17825K, committed 18176K, reserved 1114112K
  class space    used 2166K, committed 2304K, reserved 1048576K

Heap Regions: E=young(eden), S=young(survivor), O=old, HS=humongous(starts), HC=humongous(continues), CS=collection set, F=free, TAMS=top-at-mark-start, PB=parsable bottom
|   0|0x0000000701a00000, 0x0000000701c00000, 0x0000000701c00000|100%| O|  |TAMS 0x0000000701a00000| PB 0x0000000701a00000| Untracked |  0
|   1|0x0000000701c00000, 0x0000000701e00000, 0x0000000701e00000|100%| O|  |TAMS 0x0000000701c00000| PB 0x0000000701c00000| Untracked |  0
|   2|0x0000000701e00000, 0x0000000701f11d68, 0x0000000702000000| 53%| O|  |TAMS 0x0000000701e00000| PB 0x0000000701e00000| Untracked |  0
|   3|0x0000000702000000, 0x0000000702000000, 0x0000000702200000|  0%| F|  |TAMS 0x0000000702000000| PB 0x0000000702000000| Untracked |  0
|   4|0x0000000702200000, 0x0000000702200000, 0x0000000702400000|  0%| F|  |TAMS 0x0000000702200000| PB 0x0000000702200000| Untracked |  0
|   5|0x0000000702400000, 0x0000000702400000, 0x0000000702600000|  0%| F|  |TAMS 0x0000000702400000| PB 0x0000000702400000| Untracked |  0
|   6|0x0000000702600000, 0x0000000702600000, 0x0000000702800000|  0%| F|  |TAMS 0x0000000702600000| PB 0x0000000702600000| Untracked |  0
|   7|0x0000000702800000, 0x0000000702800000, 0x0000000702a00000|  0%| F|  |TAMS 0x0000000702800000| PB 0x0000000702800000| Untracked |  0
|   8|0x0000000702a00000, 0x0000000702a00000, 0x0000000702c00000|  0%| F|  |TAMS 0x0000000702a00000| PB 0x0000000702a00000| Untracked |  0
|   9|0x0000000702c00000, 0x0000000702c00000, 0x0000000702e00000|  0%| F|  |TAMS 0x0000000702c00000| PB 0x0000000702c00000| Untracked |  0
|  10|0x0000000702e00000, 0x0000000702e00000, 0x0000000703000000|  0%| F|  |TAMS 0x0000000702e00000| PB 0x0000000702e00000| Untracked |  0
|  11|0x0000000703000000, 0x0000000703000000, 0x0000000703200000|  0%| F|  |TAMS 0x0000000703000000| PB 0x0000000703000000| Untracked |  0
|  12|0x0000000703200000, 0x0000000703200000, 0x0000000703400000|  0%| F|  |TAMS 0x0000000703200000| PB 0x0000000703200000| Untracked |  0
|  13|0x0000000703400000, 0x0000000703400000, 0x0000000703600000|  0%| F|  |TAMS 0x0000000703400000| PB 0x0000000703400000| Untracked |  0
|  14|0x0000000703600000, 0x0000000703600000, 0x0000000703800000|  0%| F|  |TAMS 0x0000000703600000| PB 0x0000000703600000| Untracked |  0
|  15|0x0000000703800000, 0x0000000703800000, 0x0000000703a00000|  0%| F|  |TAMS 0x0000000703800000| PB 0x0000000703800000| Untracked |  0
|  16|0x0000000703a00000, 0x0000000703a00000, 0x0000000703c00000|  0%| F|  |TAMS 0x0000000703a00000| PB 0x0000000703a00000| Untracked |  0
|  17|0x0000000703c00000, 0x0000000703c00000, 0x0000000703e00000|  0%| F|  |TAMS 0x0000000703c00000| PB 0x0000000703c00000| Untracked |  0
|  18|0x0000000703e00000, 0x0000000703e00000, 0x0000000704000000|  0%| F|  |TAMS 0x0000000703e00000| PB 0x0000000703e00000| Untracked |  0
|  19|0x0000000704000000, 0x0000000704000000, 0x0000000704200000|  0%| F|  |TAMS 0x0000000704000000| PB 0x0000000704000000| Untracked |  0
|  20|0x0000000704200000, 0x0000000704200000, 0x0000000704400000|  0%| F|  |TAMS 0x0000000704200000| PB 0x0000000704200000| Untracked |  0
|  21|0x0000000704400000, 0x0000000704400000, 0x0000000704600000|  0%| F|  |TAMS 0x0000000704400000| PB 0x0000000704400000| Untracked |  0
|  22|0x0000000704600000, 0x0000000704600000, 0x0000000704800000|  0%| F|  |TAMS 0x0000000704600000| PB 0x0000000704600000| Untracked |  0
|  23|0x0000000704800000, 0x0000000704800000, 0x0000000704a00000|  0%| F|  |TAMS 0x0000000704800000| PB 0x0000000704800000| Untracked |  0
|  24|0x0000000704a00000, 0x0000000704a00000, 0x0000000704c00000|  0%| F|  |TAMS 0x0000000704a00000| PB 0x0000000704a00000| Untracked |  0
|  25|0x0000000704c00000, 0x0000000704c00000, 0x0000000704e00000|  0%| F|  |TAMS 0x0000000704c00000| PB 0x0000000704c00000| Untracked |  0
|  26|0x0000000704e00000, 0x0000000704e00000, 0x0000000705000000|  0%| F|  |TAMS 0x0000000704e00000| PB 0x0000000704e00000| Untracked |  0
|  27|0x0000000705000000, 0x0000000705000000, 0x0000000705200000|  0%| F|  |TAMS 0x0000000705000000| PB 0x0000000705000000| Untracked |  0
|  28|0x0000000705200000, 0x0000000705200000, 0x0000000705400000|  0%| F|  |TAMS 0x0000000705200000| PB 0x0000000705200000| Untracked |  0
|  29|0x0000000705400000, 0x0000000705400000, 0x0000000705600000|  0%| F|  |TAMS 0x0000000705400000| PB 0x0000000705400000| Untracked |  0
|  30|0x0000000705600000, 0x0000000705600000, 0x0000000705800000|  0%| F|  |TAMS 0x0000000705600000| PB 0x0000000705600000| Untracked |  0
|  31|0x0000000705800000, 0x0000000705800000, 0x0000000705a00000|  0%| F|  |TAMS 0x0000000705800000| PB 0x0000000705800000| Untracked |  0
|  32|0x0000000705a00000, 0x0000000705a00000, 0x0000000705c00000|  0%| F|  |TAMS 0x0000000705a00000| PB 0x0000000705a00000| Untracked |  0
|  33|0x0000000705c00000, 0x0000000705c00000, 0x0000000705e00000|  0%| F|  |TAMS 0x0000000705c00000| PB 0x0000000705c00000| Untracked |  0
|  34|0x0000000705e00000, 0x0000000705e00000, 0x0000000706000000|  0%| F|  |TAMS 0x0000000705e00000| PB 0x0000000705e00000| Untracked |  0
|  35|0x0000000706000000, 0x0000000706000000, 0x0000000706200000|  0%| F|  |TAMS 0x0000000706000000| PB 0x0000000706000000| Untracked |  0
|  36|0x0000000706200000, 0x0000000706200000, 0x0000000706400000|  0%| F|  |TAMS 0x0000000706200000| PB 0x0000000706200000| Untracked |  0
|  37|0x0000000706400000, 0x0000000706400000, 0x0000000706600000|  0%| F|  |TAMS 0x0000000706400000| PB 0x0000000706400000| Untracked |  0
|  38|0x0000000706600000, 0x0000000706600000, 0x0000000706800000|  0%| F|  |TAMS 0x0000000706600000| PB 0x0000000706600000| Untracked |  0
|  39|0x0000000706800000, 0x0000000706800000, 0x0000000706a00000|  0%| F|  |TAMS 0x0000000706800000| PB 0x0000000706800000| Untracked |  0
|  40|0x0000000706a00000, 0x0000000706a00000, 0x0000000706c00000|  0%| F|  |TAMS 0x0000000706a00000| PB 0x0000000706a00000| Untracked |  0
|  41|0x0000000706c00000, 0x0000000706c00000, 0x0000000706e00000|  0%| F|  |TAMS 0x0000000706c00000| PB 0x0000000706c00000| Untracked |  0
|  42|0x0000000706e00000, 0x0000000706e00000, 0x0000000707000000|  0%| F|  |TAMS 0x0000000706e00000| PB 0x0000000706e00000| Untracked |  0
|  43|0x0000000707000000, 0x0000000707000000, 0x0000000707200000|  0%| F|  |TAMS 0x0000000707000000| PB 0x0000000707000000| Untracked |  0
|  44|0x0000000707200000, 0x0000000707200000, 0x0000000707400000|  0%| F|  |TAMS 0x0000000707200000| PB 0x0000000707200000| Untracked |  0
|  45|0x0000000707400000, 0x0000000707400000, 0x0000000707600000|  0%| F|  |TAMS 0x0000000707400000| PB 0x0000000707400000| Untracked |  0
|  46|0x0000000707600000, 0x0000000707600000, 0x0000000707800000|  0%| F|  |TAMS 0x0000000707600000| PB 0x0000000707600000| Untracked |  0
|  47|0x0000000707800000, 0x0000000707800000, 0x0000000707a00000|  0%| F|  |TAMS 0x0000000707800000| PB 0x0000000707800000| Untracked |  0
|  48|0x0000000707a00000, 0x0000000707a00000, 0x0000000707c00000|  0%| F|  |TAMS 0x0000000707a00000| PB 0x0000000707a00000| Untracked |  0
|  49|0x0000000707c00000, 0x0000000707c00000, 0x0000000707e00000|  0%| F|  |TAMS 0x0000000707c00000| PB 0x0000000707c00000| Untracked |  0
|  50|0x0000000707e00000, 0x0000000707e00000, 0x0000000708000000|  0%| F|  |TAMS 0x0000000707e00000| PB 0x0000000707e00000| Untracked |  0
|  51|0x0000000708000000, 0x0000000708000000, 0x0000000708200000|  0%| F|  |TAMS 0x0000000708000000| PB 0x0000000708000000| Untracked |  0
|  52|0x0000000708200000, 0x0000000708200000, 0x0000000708400000|  0%| F|  |TAMS 0x0000000708200000| PB 0x0000000708200000| Untracked |  0
|  53|0x0000000708400000, 0x0000000708400000, 0x0000000708600000|  0%| F|  |TAMS 0x0000000708400000| PB 0x0000000708400000| Untracked |  0
|  54|0x0000000708600000, 0x0000000708600000, 0x0000000708800000|  0%| F|  |TAMS 0x0000000708600000| PB 0x0000000708600000| Untracked |  0
|  55|0x0000000708800000, 0x0000000708800000, 0x0000000708a00000|  0%| F|  |TAMS 0x0000000708800000| PB 0x0000000708800000| Untracked |  0
|  56|0x0000000708a00000, 0x0000000708a00000, 0x0000000708c00000|  0%| F|  |TAMS 0x0000000708a00000| PB 0x0000000708a00000| Untracked |  0
|  57|0x0000000708c00000, 0x0000000708c00000, 0x0000000708e00000|  0%| F|  |TAMS 0x0000000708c00000| PB 0x0000000708c00000| Untracked |  0
|  58|0x0000000708e00000, 0x0000000708e00000, 0x0000000709000000|  0%| F|  |TAMS 0x0000000708e00000| PB 0x0000000708e00000| Untracked |  0
|  59|0x0000000709000000, 0x0000000709000000, 0x0000000709200000|  0%| F|  |TAMS 0x0000000709000000| PB 0x0000000709000000| Untracked |  0
|  60|0x0000000709200000, 0x0000000709200000, 0x0000000709400000|  0%| F|  |TAMS 0x0000000709200000| PB 0x0000000709200000| Untracked |  0
|  61|0x0000000709400000, 0x0000000709400000, 0x0000000709600000|  0%| F|  |TAMS 0x0000000709400000| PB 0x0000000709400000| Untracked |  0
|  62|0x0000000709600000, 0x0000000709600000, 0x0000000709800000|  0%| F|  |TAMS 0x0000000709600000| PB 0x0000000709600000| Untracked |  0
|  63|0x0000000709800000, 0x0000000709800000, 0x0000000709a00000|  0%| F|  |TAMS 0x0000000709800000| PB 0x0000000709800000| Untracked |  0
|  64|0x0000000709a00000, 0x0000000709a00000, 0x0000000709c00000|  0%| F|  |TAMS 0x0000000709a00000| PB 0x0000000709a00000| Untracked |  0
|  65|0x0000000709c00000, 0x0000000709c00000, 0x0000000709e00000|  0%| F|  |TAMS 0x0000000709c00000| PB 0x0000000709c00000| Untracked |  0
|  66|0x0000000709e00000, 0x0000000709e00000, 0x000000070a000000|  0%| F|  |TAMS 0x0000000709e00000| PB 0x0000000709e00000| Untracked |  0
|  67|0x000000070a000000, 0x000000070a000000, 0x000000070a200000|  0%| F|  |TAMS 0x000000070a000000| PB 0x000000070a000000| Untracked |  0
|  68|0x000000070a200000, 0x000000070a200000, 0x000000070a400000|  0%| F|  |TAMS 0x000000070a200000| PB 0x000000070a200000| Untracked |  0
|  69|0x000000070a400000, 0x000000070a400000, 0x000000070a600000|  0%| F|  |TAMS 0x000000070a400000| PB 0x000000070a400000| Untracked |  0
|  70|0x000000070a600000, 0x000000070a600000, 0x000000070a800000|  0%| F|  |TAMS 0x000000070a600000| PB 0x000000070a600000| Untracked |  0
|  71|0x000000070a800000, 0x000000070a800000, 0x000000070aa00000|  0%| F|  |TAMS 0x000000070a800000| PB 0x000000070a800000| Untracked |  0
|  72|0x000000070aa00000, 0x000000070aa00000, 0x000000070ac00000|  0%| F|  |TAMS 0x000000070aa00000| PB 0x000000070aa00000| Untracked |  0
|  73|0x000000070ac00000, 0x000000070ac00000, 0x000000070ae00000|  0%| F|  |TAMS 0x000000070ac00000| PB 0x000000070ac00000| Untracked |  0
|  74|0x000000070ae00000, 0x000000070ae00000, 0x000000070b000000|  0%| F|  |TAMS 0x000000070ae00000| PB 0x000000070ae00000| Untracked |  0
|  75|0x000000070b000000, 0x000000070b000000, 0x000000070b200000|  0%| F|  |TAMS 0x000000070b000000| PB 0x000000070b000000| Untracked |  0
|  76|0x000000070b200000, 0x000000070b200000, 0x000000070b400000|  0%| F|  |TAMS 0x000000070b200000| PB 0x000000070b200000| Untracked |  0
|  77|0x000000070b400000, 0x000000070b400000, 0x000000070b600000|  0%| F|  |TAMS 0x000000070b400000| PB 0x000000070b400000| Untracked |  0
|  78|0x000000070b600000, 0x000000070b600000, 0x000000070b800000|  0%| F|  |TAMS 0x000000070b600000| PB 0x000000070b600000| Untracked |  0
|  79|0x000000070b800000, 0x000000070b800000, 0x000000070ba00000|  0%| F|  |TAMS 0x000000070b800000| PB 0x000000070b800000| Untracked |  0
|  80|0x000000070ba00000, 0x000000070ba00000, 0x000000070bc00000|  0%| F|  |TAMS 0x000000070ba00000| PB 0x000000070ba00000| Untracked |  0
|  81|0x000000070bc00000, 0x000000070bc00000, 0x000000070be00000|  0%| F|  |TAMS 0x000000070bc00000| PB 0x000000070bc00000| Untracked |  0
|  82|0x000000070be00000, 0x000000070be00000, 0x000000070c000000|  0%| F|  |TAMS 0x000000070be00000| PB 0x000000070be00000| Untracked |  0
|  83|0x000000070c000000, 0x000000070c000000, 0x000000070c200000|  0%| F|  |TAMS 0x000000070c000000| PB 0x000000070c000000| Untracked |  0
|  84|0x000000070c200000, 0x000000070c200000, 0x000000070c400000|  0%| F|  |TAMS 0x000000070c200000| PB 0x000000070c200000| Untracked |  0
|  85|0x000000070c400000, 0x000000070c400000, 0x000000070c600000|  0%| F|  |TAMS 0x000000070c400000| PB 0x000000070c400000| Untracked |  0
|  86|0x000000070c600000, 0x000000070c600000, 0x000000070c800000|  0%| F|  |TAMS 0x000000070c600000| PB 0x000000070c600000| Untracked |  0
|  87|0x000000070c800000, 0x000000070c800000, 0x000000070ca00000|  0%| F|  |TAMS 0x000000070c800000| PB 0x000000070c800000| Untracked |  0
|  88|0x000000070ca00000, 0x000000070ca00000, 0x000000070cc00000|  0%| F|  |TAMS 0x000000070ca00000| PB 0x000000070ca00000| Untracked |  0
|  89|0x000000070cc00000, 0x000000070cc00000, 0x000000070ce00000|  0%| F|  |TAMS 0x000000070cc00000| PB 0x000000070cc00000| Untracked |  0
|  90|0x000000070ce00000, 0x000000070ce00000, 0x000000070d000000|  0%| F|  |TAMS 0x000000070ce00000| PB 0x000000070ce00000| Untracked |  0
|  91|0x000000070d000000, 0x000000070d000000, 0x000000070d200000|  0%| F|  |TAMS 0x000000070d000000| PB 0x000000070d000000| Untracked |  0
|  92|0x000000070d200000, 0x000000070d200000, 0x000000070d400000|  0%| F|  |TAMS 0x000000070d200000| PB 0x000000070d200000| Untracked |  0
|  93|0x000000070d400000, 0x000000070d400000, 0x000000070d600000|  0%| F|  |TAMS 0x000000070d400000| PB 0x000000070d400000| Untracked |  0
|  94|0x000000070d600000, 0x000000070d600000, 0x000000070d800000|  0%| F|  |TAMS 0x000000070d600000| PB 0x000000070d600000| Untracked |  0
|  95|0x000000070d800000, 0x000000070d800000, 0x000000070da00000|  0%| F|  |TAMS 0x000000070d800000| PB 0x000000070d800000| Untracked |  0
|  96|0x000000070da00000, 0x000000070da00000, 0x000000070dc00000|  0%| F|  |TAMS 0x000000070da00000| PB 0x000000070da00000| Untracked |  0
|  97|0x000000070dc00000, 0x000000070dc00000, 0x000000070de00000|  0%| F|  |TAMS 0x000000070dc00000| PB 0x000000070dc00000| Untracked |  0
|  98|0x000000070de00000, 0x000000070de00000, 0x000000070e000000|  0%| F|  |TAMS 0x000000070de00000| PB 0x000000070de00000| Untracked |  0
|  99|0x000000070e000000, 0x000000070e000000, 0x000000070e200000|  0%| F|  |TAMS 0x000000070e000000| PB 0x000000070e000000| Untracked |  0
| 100|0x000000070e200000, 0x000000070e200000, 0x000000070e400000|  0%| F|  |TAMS 0x000000070e200000| PB 0x000000070e200000| Untracked |  0
| 101|0x000000070e400000, 0x000000070e400000, 0x000000070e600000|  0%| F|  |TAMS 0x000000070e400000| PB 0x000000070e400000| Untracked |  0
| 102|0x000000070e600000, 0x000000070e600000, 0x000000070e800000|  0%| F|  |TAMS 0x000000070e600000| PB 0x000000070e600000| Untracked |  0
| 103|0x000000070e800000, 0x000000070e800000, 0x000000070ea00000|  0%| F|  |TAMS 0x000000070e800000| PB 0x000000070e800000| Untracked |  0
| 104|0x000000070ea00000, 0x000000070ea00000, 0x000000070ec00000|  0%| F|  |TAMS 0x000000070ea00000| PB 0x000000070ea00000| Untracked |  0
| 105|0x000000070ec00000, 0x000000070ec00000, 0x000000070ee00000|  0%| F|  |TAMS 0x000000070ec00000| PB 0x000000070ec00000| Untracked |  0
| 106|0x000000070ee00000, 0x000000070ee00000, 0x000000070f000000|  0%| F|  |TAMS 0x000000070ee00000| PB 0x000000070ee00000| Untracked |  0
| 107|0x000000070f000000, 0x000000070f000000, 0x000000070f200000|  0%| F|  |TAMS 0x000000070f000000| PB 0x000000070f000000| Untracked |  0
| 108|0x000000070f200000, 0x000000070f200000, 0x000000070f400000|  0%| F|  |TAMS 0x000000070f200000| PB 0x000000070f200000| Untracked |  0
| 109|0x000000070f400000, 0x000000070f400000, 0x000000070f600000|  0%| F|  |TAMS 0x000000070f400000| PB 0x000000070f400000| Untracked |  0
| 110|0x000000070f600000, 0x000000070f600000, 0x000000070f800000|  0%| F|  |TAMS 0x000000070f600000| PB 0x000000070f600000| Untracked |  0
| 111|0x000000070f800000, 0x000000070f800000, 0x000000070fa00000|  0%| F|  |TAMS 0x000000070f800000| PB 0x000000070f800000| Untracked |  0
| 112|0x000000070fa00000, 0x000000070fa00000, 0x000000070fc00000|  0%| F|  |TAMS 0x000000070fa00000| PB 0x000000070fa00000| Untracked |  0
| 113|0x000000070fc00000, 0x000000070fc00000, 0x000000070fe00000|  0%| F|  |TAMS 0x000000070fc00000| PB 0x000000070fc00000| Untracked |  0
| 114|0x000000070fe00000, 0x000000070fe00000, 0x0000000710000000|  0%| F|  |TAMS 0x000000070fe00000| PB 0x000000070fe00000| Untracked |  0
| 115|0x0000000710000000, 0x0000000710000000, 0x0000000710200000|  0%| F|  |TAMS 0x0000000710000000| PB 0x0000000710000000| Untracked |  0
| 116|0x0000000710200000, 0x00000007102cf058, 0x0000000710400000| 40%| S|CS|TAMS 0x0000000710200000| PB 0x0000000710200000| Complete |  0
| 117|0x0000000710400000, 0x0000000710600000, 0x0000000710600000|100%| S|CS|TAMS 0x0000000710400000| PB 0x0000000710400000| Complete |  0
| 118|0x0000000710600000, 0x0000000710600000, 0x0000000710800000|  0%| F|  |TAMS 0x0000000710600000| PB 0x0000000710600000| Untracked |  0
| 119|0x0000000710800000, 0x0000000710800000, 0x0000000710a00000|  0%| F|  |TAMS 0x0000000710800000| PB 0x0000000710800000| Untracked |  0
| 120|0x0000000710a00000, 0x0000000710a00000, 0x0000000710c00000|  0%| F|  |TAMS 0x0000000710a00000| PB 0x0000000710a00000| Untracked |  0
| 121|0x0000000710c00000, 0x0000000710c00000, 0x0000000710e00000|  0%| F|  |TAMS 0x0000000710c00000| PB 0x0000000710c00000| Untracked |  0
| 122|0x0000000710e00000, 0x0000000710e00000, 0x0000000711000000|  0%| F|  |TAMS 0x0000000710e00000| PB 0x0000000710e00000| Untracked |  0
| 123|0x0000000711000000, 0x0000000711126960, 0x0000000711200000| 57%| E|  |TAMS 0x0000000711000000| PB 0x0000000711000000| Complete |  0
| 124|0x0000000711200000, 0x0000000711400000, 0x0000000711400000|100%| E|CS|TAMS 0x0000000711200000| PB 0x0000000711200000| Complete |  0
| 125|0x0000000711400000, 0x0000000711600000, 0x0000000711600000|100%| E|CS|TAMS 0x0000000711400000| PB 0x0000000711400000| Complete |  0
| 126|0x0000000711600000, 0x0000000711800000, 0x0000000711800000|100%| E|CS|TAMS 0x0000000711600000| PB 0x0000000711600000| Complete |  0
| 127|0x0000000711800000, 0x0000000711a00000, 0x0000000711a00000|100%| E|CS|TAMS 0x0000000711800000| PB 0x0000000711800000| Complete |  0

Card table byte_map: [0x0000020ce9f20000,0x0000020cea720000] _byte_map_base: 0x0000020ce6713000

Marking Bits: (CMBitMap*) 0x0000020ccfa6e610
 Bits: [0x0000020cea720000, 0x0000020cee6b8000)

Polling page: 0x0000020ccf920000

Metaspace:

Usage:
  Non-class:     15.32 MB used.
      Class:      2.12 MB used.
       Both:     17.44 MB used.

Virtual space:
  Non-class space:       64.00 MB reserved,      15.50 MB ( 24%) committed,  1 nodes.
      Class space:        1.00 GB reserved,       2.25 MB ( <1%) committed,  1 nodes.
             Both:        1.06 GB reserved,      17.75 MB (  2%) committed. 

Chunk freelists:
   Non-Class:  398.00 KB
       Class:  13.63 MB
        Both:  14.01 MB

MaxMetaspaceSize: unlimited
CompressedClassSpaceSize: 1.00 GB
Initial GC threshold: 21.00 MB
Current GC threshold: 21.00 MB
CDS: on
 - commit_granule_bytes: 65536.
 - commit_granule_words: 8192.
 - virtual_space_node_default_size: 8388608.
 - enlarge_chunks_in_place: 1.
 - use_allocation_guard: 0.


Internal statistics:

num_allocs_failed_limit: 0.
num_arena_births: 444.
num_arena_deaths: 0.
num_vsnodes_births: 2.
num_vsnodes_deaths: 0.
num_space_committed: 284.
num_space_uncommitted: 0.
num_chunks_returned_to_freelist: 0.
num_chunks_taken_from_freelist: 921.
num_chunk_merges: 0.
num_chunk_splits: 568.
num_chunks_enlarged: 327.
num_inconsistent_stats: 0.

CodeHeap 'non-profiled nmethods': size=120064Kb used=728Kb max_used=728Kb free=119335Kb
 bounds [0x0000020ce1da0000, 0x0000020ce2010000, 0x0000020ce92e0000]
CodeHeap 'profiled nmethods': size=120000Kb used=3217Kb max_used=3217Kb free=116782Kb
 bounds [0x0000020cda2e0000, 0x0000020cda610000, 0x0000020ce1810000]
CodeHeap 'non-nmethods': size=5696Kb used=1605Kb max_used=1605Kb free=4091Kb
 bounds [0x0000020ce1810000, 0x0000020ce1a80000, 0x0000020ce1da0000]
CodeCache: size=245760Kb, used=5550Kb, max_used=5550Kb, free=240208Kb
 total_blobs=2910, nmethods=2303, adapters=510, full_count=0
Compilation: enabled, stopped_count=0, restarted_count=0

Compilation events (20 events):
Event: 1.877 Thread 0x0000020cf112a2a0 2250       3       java.lang.invoke.MethodHandles::identity (87 bytes)
Event: 1.878 Thread 0x0000020cf112a2a0 nmethod 2250 0x0000020cda5f3108 code [0x0000020cda5f3280, 0x0000020cda5f3690]
Event: 1.880 Thread 0x0000020cf112a2a0 2251       3       java.util.Collection::stream (11 bytes)
Event: 1.880 Thread 0x0000020cf112a2a0 nmethod 2251 0x0000020cda5f3708 code [0x0000020cda5f3840, 0x0000020cda5f3a40]
Event: 1.881 Thread 0x0000020cc6407450 2252   !   4       java.lang.invoke.MemberName::getMethodType (213 bytes)
Event: 1.883 Thread 0x0000020cf112a2a0 2254       3       java.lang.Character::codePointAt (51 bytes)
Event: 1.884 Thread 0x0000020cf112a2a0 nmethod 2254 0x0000020cda5f3a88 code [0x0000020cda5f3c00, 0x0000020cda5f4228]
Event: 1.884 Thread 0x0000020cf112a2a0 2255       3       java.lang.Character::isHighSurrogate (18 bytes)
Event: 1.884 Thread 0x0000020cf112a2a0 nmethod 2255 0x0000020cda5f4288 code [0x0000020cda5f43a0, 0x0000020cda5f4510]
Event: 1.884 Thread 0x0000020cf112a2a0 2257       1       java.util.ArrayList$ArrayListSpliterator::characteristics (4 bytes)
Event: 1.884 Thread 0x0000020cf112a2a0 nmethod 2257 0x0000020ce1e51e88 code [0x0000020ce1e51fa0, 0x0000020ce1e52068]
Event: 1.884 Thread 0x0000020cf112a2a0 2256       1       java.util.TreeMap::size (5 bytes)
Event: 1.884 Thread 0x0000020cf112a2a0 nmethod 2256 0x0000020ce1e52188 code [0x0000020ce1e522a0, 0x0000020ce1e52368]
Event: 1.886 Thread 0x0000020cc6407450 nmethod 2252 0x0000020ce1e52488 code [0x0000020ce1e525e0, 0x0000020ce1e52af0]
Event: 1.895 Thread 0x0000020cf112a2a0 2259       3       java.lang.invoke.DirectMethodHandle$Holder::invokeStatic (15 bytes)
Event: 1.895 Thread 0x0000020cf112a2a0 nmethod 2259 0x0000020cda5f4588 code [0x0000020cda5f46c0, 0x0000020cda5f4c00]
Event: 1.896 Thread 0x0000020cf112a2a0 2260   !   3       java.lang.invoke.BoundMethodHandle$Species_L::copyWithExtendL (31 bytes)
Event: 1.897 Thread 0x0000020cf112a2a0 nmethod 2260 0x0000020cda5f4c88 code [0x0000020cda5f4e00, 0x0000020cda5f5380]
Event: 1.900 Thread 0x0000020cf112a2a0 2261       3       java.lang.invoke.LambdaForm$MH/0x0000020c81021000::invoke (25 bytes)
Event: 1.900 Thread 0x0000020cf112a2a0 nmethod 2261 0x0000020cda5f5408 code [0x0000020cda5f5540, 0x0000020cda5f5a48]

GC Heap History (4 events):
Event: 0.736 GC heap before
{Heap before GC invocations=0 (full 0):
 garbage-first heap   total reserved 4167680K, committed 262144K, used 22528K [0x0000000701a00000, 0x0000000800000000)
  region size 2048K, 12 young (24576K), 0 survivors (0K)
 Metaspace       used 8155K, committed 8384K, reserved 1114112K
  class space    used 869K, committed 960K, reserved 1048576K
}
Event: 0.741 GC heap after
{Heap after GC invocations=1 (full 0):
 garbage-first heap   total reserved 4167680K, committed 262144K, used 5181K [0x0000000701a00000, 0x0000000800000000)
  region size 2048K, 2 young (4096K), 2 survivors (4096K)
 Metaspace       used 8155K, committed 8384K, reserved 1114112K
  class space    used 869K, committed 960K, reserved 1048576K
}
Event: 1.736 GC heap before
{Heap before GC invocations=1 (full 0):
 garbage-first heap   total reserved 4167680K, committed 262144K, used 23613K [0x0000000701a00000, 0x0000000800000000)
  region size 2048K, 12 young (24576K), 2 survivors (4096K)
 Metaspace       used 14683K, committed 15040K, reserved 1114112K
  class space    used 1769K, committed 1920K, reserved 1048576K
}
Event: 1.741 GC heap after
{Heap after GC invocations=2 (full 0):
 garbage-first heap   total reserved 4167680K, committed 262144K, used 8067K [0x0000000701a00000, 0x0000000800000000)
  region size 2048K, 2 young (4096K), 2 survivors (4096K)
 Metaspace       used 14683K, committed 15040K, reserved 1114112K
  class space    used 1769K, committed 1920K, reserved 1048576K
}

Dll operation events (12 events):
Event: 0.011 Loaded shared library C:\Users\lenovo\.jdks\openjdk-23\bin\java.dll
Event: 0.042 Loaded shared library C:\Users\lenovo\.jdks\openjdk-23\bin\jsvml.dll
Event: 0.118 Loaded shared library C:\Users\lenovo\.jdks\openjdk-23\bin\zip.dll
Event: 0.120 Loaded shared library C:\Users\lenovo\.jdks\openjdk-23\bin\instrument.dll
Event: 0.124 Loaded shared library C:\Users\lenovo\.jdks\openjdk-23\bin\net.dll
Event: 0.126 Loaded shared library C:\Users\lenovo\.jdks\openjdk-23\bin\nio.dll
Event: 0.129 Loaded shared library C:\Users\lenovo\.jdks\openjdk-23\bin\zip.dll
Event: 0.136 Loaded shared library D:\Program\intellJ\IntelliJ IDEA Community Edition 2024.2.2\bin\breakgen64.dll
Event: 0.144 Loaded shared library C:\Users\lenovo\.jdks\openjdk-23\bin\extnet.dll
Event: 0.206 Loaded shared library C:\Users\lenovo\.jdks\openjdk-23\bin\verify.dll
Event: 0.212 Loaded shared library C:\Users\lenovo\.jdks\openjdk-23\bin\jimage.dll
Event: 1.834 Loaded shared library C:\Users\lenovo\.jdks\openjdk-23\bin\sunmscapi.dll

Deoptimization events (20 events):
Event: 1.792 Thread 0x0000020ccf9acb20 DEOPT PACKING pc=0x0000020cda5b4867 sp=0x000000983f9fc070
Event: 1.792 Thread 0x0000020ccf9acb20 DEOPT UNPACKING pc=0x0000020ce1864b22 sp=0x000000983f9fb4e8 mode 0
Event: 1.793 Thread 0x0000020ccf9acb20 DEOPT PACKING pc=0x0000020cda5b4867 sp=0x000000983f9fc060
Event: 1.793 Thread 0x0000020ccf9acb20 DEOPT UNPACKING pc=0x0000020ce1864b22 sp=0x000000983f9fb4d8 mode 0
Event: 1.796 Thread 0x0000020ccf9acb20 DEOPT PACKING pc=0x0000020cda5b4867 sp=0x000000983f9fc070
Event: 1.796 Thread 0x0000020ccf9acb20 DEOPT UNPACKING pc=0x0000020ce1864b22 sp=0x000000983f9fb4e8 mode 0
Event: 1.797 Thread 0x0000020ccf9acb20 DEOPT PACKING pc=0x0000020cda5b4867 sp=0x000000983f9fc060
Event: 1.797 Thread 0x0000020ccf9acb20 DEOPT UNPACKING pc=0x0000020ce1864b22 sp=0x000000983f9fb4d8 mode 0
Event: 1.843 Thread 0x0000020ccf9acb20 Uncommon trap: trap_request=0xffffff45 fr.pc=0x0000020ce1e3ee2c relative=0x000000000000026c
Event: 1.843 Thread 0x0000020ccf9acb20 Uncommon trap: reason=unstable_if action=reinterpret pc=0x0000020ce1e3ee2c method=java.util.HashMap.putVal(ILjava/lang/Object;Ljava/lang/Object;ZZ)Ljava/lang/Object; @ 162 c2
Event: 1.843 Thread 0x0000020ccf9acb20 DEOPT PACKING pc=0x0000020ce1e3ee2c sp=0x000000983f9fb620
Event: 1.843 Thread 0x0000020ccf9acb20 DEOPT UNPACKING pc=0x0000020ce1864402 sp=0x000000983f9fb558 mode 2
Event: 1.849 Thread 0x0000020ccf9acb20 Uncommon trap: trap_request=0xffffff3d fr.pc=0x0000020ce1e411ec relative=0x000000000000006c
Event: 1.849 Thread 0x0000020ccf9acb20 Uncommon trap: reason=unstable_fused_if action=reinterpret pc=0x0000020ce1e411ec method=java.lang.CharacterDataLatin1.equalsIgnoreCase(BB)Z @ 16 c2
Event: 1.849 Thread 0x0000020ccf9acb20 DEOPT PACKING pc=0x0000020ce1e411ec sp=0x000000983f9fc200
Event: 1.849 Thread 0x0000020ccf9acb20 DEOPT UNPACKING pc=0x0000020ce1864402 sp=0x000000983f9fc180 mode 2
Event: 1.883 Thread 0x0000020ccf9acb20 Uncommon trap: trap_request=0xffffffde fr.pc=0x0000020ce1dfbee4 relative=0x0000000000000304
Event: 1.883 Thread 0x0000020ccf9acb20 Uncommon trap: reason=class_check action=maybe_recompile pc=0x0000020ce1dfbee4 method=java.util.regex.Pattern$BmpCharPropertyGreedy.match(Ljava/util/regex/Matcher;ILjava/lang/CharSequence;)Z @ 26 c2
Event: 1.883 Thread 0x0000020ccf9acb20 DEOPT PACKING pc=0x0000020ce1dfbee4 sp=0x000000983f9fcfc0
Event: 1.883 Thread 0x0000020ccf9acb20 DEOPT UNPACKING pc=0x0000020ce1864402 sp=0x000000983f9fcf78 mode 2

Classes loaded (20 events):
Event: 1.901 Loading class sun/net/www/protocol/http/HttpURLConnection$7
Event: 1.901 Loading class sun/net/www/protocol/http/HttpURLConnection$7 done
Event: 1.902 Loading class sun/net/www/http/HttpClient
Event: 1.902 Loading class sun/net/NetworkClient
Event: 1.902 Loading class sun/net/NetworkClient done
Event: 1.902 Loading class sun/net/www/http/HttpClient done
Event: 1.902 Loading class sun/net/NetworkClient$1
Event: 1.902 Loading class sun/net/NetworkClient$1 done
Event: 1.903 Loading class sun/net/www/http/KeepAliveCache
Event: 1.903 Loading class sun/net/www/http/KeepAliveCache done
Event: 1.903 Loading class sun/net/www/http/KeepAliveKey
Event: 1.903 Loading class sun/net/www/http/KeepAliveKey done
Event: 1.903 Loading class sun/net/www/http/HttpCapture
Event: 1.903 Loading class sun/net/www/http/HttpCapture done
Event: 1.903 Loading class sun/net/www/http/HttpCapture$1
Event: 1.903 Loading class sun/net/www/http/HttpCapture$1 done
Event: 1.904 Loading class sun/net/util/SocketExceptions
Event: 1.904 Loading class sun/net/util/SocketExceptions done
Event: 1.904 Loading class jdk/internal/event/ThreadSleepEvent
Event: 1.904 Loading class jdk/internal/event/ThreadSleepEvent done

Classes unloaded (0 events):
No events

Classes redefined (0 events):
No events

Internal exceptions (20 events):
Event: 1.625 Thread 0x0000020ccf9acb20 Exception <a 'java/lang/NoSuchMethodError'{0x00000007108bd2a0}: 'java.lang.Object java.lang.invoke.DirectMethodHandle$Holder.newInvokeSpecial(java.lang.Object, java.lang.Object, int)'> (0x00000007108bd2a0) 
thrown [s\open\src\hotspot\share\interpreter\linkResolver.cpp, line 796]
Event: 1.627 Thread 0x0000020ccf9acb20 Exception <a 'java/lang/NoSuchMethodError'{0x00000007108d0748}: 'int java.lang.invoke.DirectMethodHandle$Holder.invokeSpecialIFC(java.lang.Object, java.lang.Object, java.lang.Object)'> (0x00000007108d0748) 
thrown [s\open\src\hotspot\share\interpreter\linkResolver.cpp, line 796]
Event: 1.634 Thread 0x0000020ccf9acb20 Exception <a 'java/lang/NoSuchMethodError'{0x00000007108f43c8}: 'java.lang.Object java.lang.invoke.DirectMethodHandle$Holder.invokeStaticInit(java.lang.Object, java.lang.Object, java.lang.Object, java.lang.Object, java.lang.Object, java.lang.Object, java.lang.Object)'> (0x00000007108f43c8) 
thrown [s\open\src\hotspot\share\interpreter\linkResolver.cpp, line 796]
Event: 1.636 Thread 0x0000020ccf9acb20 Exception <a 'java/lang/NoSuchMethodError'{0x00000007108fe8a0}: 'int java.lang.invoke.DirectMethodHandle$Holder.invokeStaticInit(java.lang.Object, int, int)'> (0x00000007108fe8a0) 
thrown [s\open\src\hotspot\share\interpreter\linkResolver.cpp, line 796]
Event: 1.636 Thread 0x0000020ccf9acb20 Exception <a 'java/lang/NoSuchMethodError'{0x0000000710906058}: 'int java.lang.invoke.DirectMethodHandle$Holder.invokeStaticInit(java.lang.Object, long, long)'> (0x0000000710906058) 
thrown [s\open\src\hotspot\share\interpreter\linkResolver.cpp, line 796]
Event: 1.637 Thread 0x0000020ccf9acb20 Exception <a 'java/lang/NoSuchMethodError'{0x000000071090cdb0}: 'int java.lang.invoke.DirectMethodHandle$Holder.invokeStaticInit(java.lang.Object, float, float)'> (0x000000071090cdb0) 
thrown [s\open\src\hotspot\share\interpreter\linkResolver.cpp, line 796]
Event: 1.637 Thread 0x0000020ccf9acb20 Exception <a 'java/lang/NoSuchMethodError'{0x0000000710913b00}: 'int java.lang.invoke.DirectMethodHandle$Holder.invokeStaticInit(java.lang.Object, double, double)'> (0x0000000710913b00) 
thrown [s\open\src\hotspot\share\interpreter\linkResolver.cpp, line 796]
Event: 1.638 Thread 0x0000020ccf9acb20 Exception <a 'java/lang/NoSuchMethodError'{0x0000000710918358}: 'int java.lang.invoke.DirectMethodHandle$Holder.invokeStatic(java.lang.Object, long)'> (0x0000000710918358) 
thrown [s\open\src\hotspot\share\interpreter\linkResolver.cpp, line 796]
Event: 1.640 Thread 0x0000020ccf9acb20 Exception <a 'java/lang/NoSuchMethodError'{0x000000071092c7c0}: 'int java.lang.invoke.DirectMethodHandle$Holder.invokeSpecial(java.lang.Object, java.lang.Object, java.lang.Object, java.lang.Object)'> (0x000000071092c7c0) 
thrown [s\open\src\hotspot\share\interpreter\linkResolver.cpp, line 796]
Event: 1.642 Thread 0x0000020ccf9acb20 Exception <a 'java/lang/NoSuchMethodError'{0x000000071093d980}: 'java.lang.Object java.lang.invoke.DirectMethodHandle$Holder.invokeSpecial(java.lang.Object, java.lang.Object, int, java.lang.Object, java.lang.Object)'> (0x000000071093d980) 
thrown [s\open\src\hotspot\share\interpreter\linkResolver.cpp, line 796]
Event: 1.642 Thread 0x0000020ccf9acb20 Exception <a 'java/lang/NoSuchMethodError'{0x00000007109413d8}: 'java.lang.Object java.lang.invoke.DelegatingMethodHandle$Holder.delegate(java.lang.Object, int, java.lang.Object, java.lang.Object)'> (0x00000007109413d8) 
thrown [s\open\src\hotspot\share\interpreter\linkResolver.cpp, line 796]
Event: 1.644 Thread 0x0000020ccf9acb20 Exception <a 'java/lang/NoSuchMethodError'{0x0000000710951068}: 'int java.lang.invoke.Invokers$Holder.linkToTargetMethod(java.lang.Object, java.lang.Object, java.lang.Object)'> (0x0000000710951068) 
thrown [s\open\src\hotspot\share\interpreter\linkResolver.cpp, line 796]
Event: 1.647 Thread 0x0000020ccf9acb20 Exception <a 'java/lang/NoSuchMethodError'{0x00000007109600d0}: 'long java.lang.invoke.DirectMethodHandle$Holder.invokeSpecial(java.lang.Object, java.lang.Object)'> (0x00000007109600d0) 
thrown [s\open\src\hotspot\share\interpreter\linkResolver.cpp, line 796]
Event: 1.692 Thread 0x0000020ccf9acb20 Exception <a 'sun/nio/fs/WindowsException'{0x0000000710632208}> (0x0000000710632208) 
thrown [s\open\src\hotspot\share\prims\jni.cpp, line 520]
Event: 1.882 Thread 0x0000020ccf9acb20 Exception <a 'java/lang/NoSuchMethodError'{0x000000071122ea10}: 'java.lang.Object java.lang.invoke.DirectMethodHandle$Holder.invokeInterface(java.lang.Object, java.lang.Object, java.lang.Object)'> (0x000000071122ea10) 
thrown [s\open\src\hotspot\share\interpreter\linkResolver.cpp, line 796]
Event: 1.882 Thread 0x0000020ccf9acb20 Exception <a 'java/lang/IncompatibleClassChangeError'{0x0000000711231e20}: Found class java.lang.Object, but interface was expected> (0x0000000711231e20) 
thrown [s\open\src\hotspot\share\interpreter\linkResolver.cpp, line 863]
Event: 1.883 Thread 0x0000020ccf9acb20 Exception <a 'java/lang/NoSuchMethodError'{0x00000007112396a0}: 'int java.lang.invoke.DirectMethodHandle$Holder.invokeSpecialIFC(java.lang.Object, java.lang.Object, java.lang.Object, java.lang.Object)'> (0x00000007112396a0) 
thrown [s\open\src\hotspot\share\interpreter\linkResolver.cpp, line 796]
Event: 1.886 Thread 0x0000020ccf9acb20 Exception <a 'java/lang/NoSuchMethodError'{0x000000071125c030}: 'java.lang.Object java.lang.invoke.DirectMethodHandle$Holder.invokeVirtual(java.lang.Object, java.lang.Object, java.lang.Object, java.lang.Object)'> (0x000000071125c030) 
thrown [s\open\src\hotspot\share\interpreter\linkResolver.cpp, line 796]
Event: 1.904 Thread 0x0000020cc66421c0 Exception <a 'java/net/ConnectException'{0x0000000711394818}: Connection refused: getsockopt> (0x0000000711394818) 
thrown [s\open\src\hotspot\share\prims\jni.cpp, line 539]
Event: 1.921 Thread 0x0000020cc66421c0 Exception <a 'java/net/ConnectException'{0x0000000711395940}: Connection refused: getsockopt> (0x0000000711395940) 
thrown [s\open\src\hotspot\share\prims\jni.cpp, line 539]

VM Operations (20 events):
Event: 0.456 Executing VM operation: HandshakeAllThreads (Deoptimize)
Event: 0.457 Executing VM operation: HandshakeAllThreads (Deoptimize) done
Event: 0.736 Executing VM operation: G1CollectForAllocation (G1 Evacuation Pause)
Event: 0.741 Executing VM operation: G1CollectForAllocation (G1 Evacuation Pause) done
Event: 0.786 Executing VM operation: HandshakeAllThreads (Deoptimize)
Event: 0.786 Executing VM operation: HandshakeAllThreads (Deoptimize) done
Event: 0.786 Executing VM operation: HandshakeAllThreads (Deoptimize)
Event: 0.786 Executing VM operation: HandshakeAllThreads (Deoptimize) done
Event: 0.788 Executing VM operation: HandshakeAllThreads (Deoptimize)
Event: 0.788 Executing VM operation: HandshakeAllThreads (Deoptimize) done
Event: 0.791 Executing VM operation: HandshakeAllThreads (Deoptimize)
Event: 0.791 Executing VM operation: HandshakeAllThreads (Deoptimize) done
Event: 0.997 Executing VM operation: HandshakeAllThreads (Deoptimize)
Event: 0.997 Executing VM operation: HandshakeAllThreads (Deoptimize) done
Event: 1.650 Executing VM operation: HandshakeAllThreads (Deoptimize)
Event: 1.650 Executing VM operation: HandshakeAllThreads (Deoptimize) done
Event: 1.736 Executing VM operation: G1CollectForAllocation (G1 Evacuation Pause)
Event: 1.741 Executing VM operation: G1CollectForAllocation (G1 Evacuation Pause) done
Event: 1.744 Executing VM operation: HandshakeAllThreads (Deoptimize)
Event: 1.744 Executing VM operation: HandshakeAllThreads (Deoptimize) done

Memory protections (0 events):
No events

Nmethod flushes (0 events):
No events

Events (20 events):
Event: 0.040 Thread 0x0000020ccf9acb20 Thread added: 0x0000020cf111fae0
Event: 0.040 Thread 0x0000020ccf9acb20 Thread added: 0x0000020cf1122c30
Event: 0.040 Thread 0x0000020ccf9acb20 Thread added: 0x0000020cf112a2a0
Event: 0.100 Thread 0x0000020ccf9acb20 Thread added: 0x0000020cc50c8290
Event: 0.137 Thread 0x0000020ccf9acb20 Thread added: 0x0000020cc520f860
Event: 0.137 Thread 0x0000020ccf9acb20 Thread added: 0x0000020cc520fed0
Event: 0.177 Thread 0x0000020cf112a2a0 Thread added: 0x0000020cc53b68f0
Event: 0.182 Thread 0x0000020cf112a2a0 Thread added: 0x0000020cc5302630
Event: 0.765 Thread 0x0000020cc5302630 Thread exited: 0x0000020cc5302630
Event: 1.187 Thread 0x0000020ccf9acb20 Thread added: 0x0000020cc67382e0
Event: 1.576 Thread 0x0000020cc67382e0 Thread exited: 0x0000020cc67382e0
Event: 1.577 Thread 0x0000020cc53b68f0 Thread exited: 0x0000020cc53b68f0
Event: 1.611 Thread 0x0000020ccf9acb20 Thread added: 0x0000020cc65a5730
Event: 1.658 Thread 0x0000020cf112a2a0 Thread added: 0x0000020cc6407450
Event: 1.782 Thread 0x0000020cf112a2a0 Thread added: 0x0000020cc6bd61b0
Event: 1.865 Thread 0x0000020ccf9acb20 Thread added: 0x0000020cc7540ef0
Event: 1.891 Thread 0x0000020ccf9acb20 Thread added: 0x0000020cc79a1850
Event: 1.893 Thread 0x0000020ccf9acb20 Thread added: 0x0000020cc724ee30
Event: 1.893 Thread 0x0000020ccf9acb20 Thread added: 0x0000020cc6e4bd50
Event: 1.897 Thread 0x0000020cc724ee30 Thread added: 0x0000020cc66421c0


Dynamic libraries:
0x00007ff712e40000 - 0x00007ff712e4e000 	C:\Users\lenovo\.jdks\openjdk-23\bin\java.exe
0x00007ffb8d310000 - 0x00007ffb8d508000 	C:\Windows\SYSTEM32\ntdll.dll
0x00007ffb8d120000 - 0x00007ffb8d1e1000 	C:\Windows\System32\KERNEL32.DLL
0x00007ffb8ace0000 - 0x00007ffb8afdd000 	C:\Windows\System32\KERNELBASE.dll
0x00007ffb8abb0000 - 0x00007ffb8acb0000 	C:\Windows\System32\ucrtbase.dll
0x00007ffb873f0000 - 0x00007ffb8740b000 	C:\Users\lenovo\.jdks\openjdk-23\bin\VCRUNTIME140.dll
0x00007ffb876e0000 - 0x00007ffb876f7000 	C:\Users\lenovo\.jdks\openjdk-23\bin\jli.dll
0x00007ffb8c9b0000 - 0x00007ffb8cb4d000 	C:\Windows\System32\USER32.dll
0x00007ffb75cb0000 - 0x00007ffb75f4a000 	C:\Windows\WinSxS\amd64_microsoft.windows.common-controls_6595b64144ccf1df_6.0.19041.4355_none_60b8b9eb71f62e16\COMCTL32.dll
0x00007ffb8acb0000 - 0x00007ffb8acd2000 	C:\Windows\System32\win32u.dll
0x00007ffb8d080000 - 0x00007ffb8d11e000 	C:\Windows\System32\msvcrt.dll
0x00007ffb8d050000 - 0x00007ffb8d07b000 	C:\Windows\System32\GDI32.dll
0x00007ffb8aa60000 - 0x00007ffb8ab77000 	C:\Windows\System32\gdi32full.dll
0x00007ffb8a9c0000 - 0x00007ffb8aa5d000 	C:\Windows\System32\msvcp_win.dll
0x00007ffb8b400000 - 0x00007ffb8b42f000 	C:\Windows\System32\IMM32.DLL
0x00007ffb87290000 - 0x00007ffb8729c000 	C:\Users\lenovo\.jdks\openjdk-23\bin\vcruntime140_1.dll
0x00007ffb86a00000 - 0x00007ffb86a8e000 	C:\Users\lenovo\.jdks\openjdk-23\bin\msvcp140.dll
0x00007ffb2ce80000 - 0x00007ffb2dbcf000 	C:\Users\lenovo\.jdks\openjdk-23\bin\server\jvm.dll
0x00007ffb8bad0000 - 0x00007ffb8bb80000 	C:\Windows\System32\ADVAPI32.dll
0x00007ffb8d1f0000 - 0x00007ffb8d290000 	C:\Windows\System32\sechost.dll
0x00007ffb8b930000 - 0x00007ffb8ba53000 	C:\Windows\System32\RPCRT4.dll
0x00007ffb8ab80000 - 0x00007ffb8aba7000 	C:\Windows\System32\bcrypt.dll
0x00007ffb8ba60000 - 0x00007ffb8bacb000 	C:\Windows\System32\WS2_32.dll
0x00007ffb89f00000 - 0x00007ffb89f4b000 	C:\Windows\SYSTEM32\POWRPROF.dll
0x00007ffb79f80000 - 0x00007ffb79fa7000 	C:\Windows\SYSTEM32\WINMM.dll
0x00007ffb83110000 - 0x00007ffb8311a000 	C:\Windows\SYSTEM32\VERSION.dll
0x00007ffb89dc0000 - 0x00007ffb89dd2000 	C:\Windows\SYSTEM32\UMPDC.dll
0x00007ffb88840000 - 0x00007ffb88852000 	C:\Windows\SYSTEM32\kernel.appcore.dll
0x00007ffb87280000 - 0x00007ffb8728a000 	C:\Users\lenovo\.jdks\openjdk-23\bin\jimage.dll
0x00007ffb77e50000 - 0x00007ffb78034000 	C:\Windows\SYSTEM32\DBGHELP.DLL
0x00007ffb71690000 - 0x00007ffb716c4000 	C:\Windows\SYSTEM32\dbgcore.DLL
0x00007ffb8b240000 - 0x00007ffb8b2c2000 	C:\Windows\System32\bcryptPrimitives.dll
0x00007ffb869d0000 - 0x00007ffb869df000 	C:\Users\lenovo\.jdks\openjdk-23\bin\instrument.dll
0x00007ffb869e0000 - 0x00007ffb869fe000 	C:\Users\lenovo\.jdks\openjdk-23\bin\java.dll
0x00007ffb8cf20000 - 0x00007ffb8d04b000 	C:\Windows\System32\ole32.dll
0x00007ffb8c500000 - 0x00007ffb8c853000 	C:\Windows\System32\combase.dll
0x00007ffb8bb80000 - 0x00007ffb8c2ef000 	C:\Windows\System32\SHELL32.dll
0x00007ffb88a40000 - 0x00007ffb891e3000 	C:\Windows\SYSTEM32\windows.storage.dll
0x00007ffb8a3f0000 - 0x00007ffb8a41e000 	C:\Windows\SYSTEM32\Wldp.dll
0x00007ffb8ccf0000 - 0x00007ffb8cdbd000 	C:\Windows\System32\OLEAUT32.dll
0x00007ffb8ce70000 - 0x00007ffb8cf1d000 	C:\Windows\System32\SHCORE.dll
0x00007ffb8c940000 - 0x00007ffb8c995000 	C:\Windows\System32\shlwapi.dll
0x00007ffb8a8f0000 - 0x00007ffb8a914000 	C:\Windows\SYSTEM32\profapi.dll
0x00007ffb82970000 - 0x00007ffb82a47000 	C:\Users\lenovo\.jdks\openjdk-23\bin\jsvml.dll
0x00007ffb86090000 - 0x00007ffb860a7000 	C:\Users\lenovo\.jdks\openjdk-23\bin\zip.dll
0x00007ffb860d0000 - 0x00007ffb860e0000 	C:\Users\lenovo\.jdks\openjdk-23\bin\net.dll
0x00007ffb8a150000 - 0x00007ffb8a1ba000 	C:\Windows\system32\mswsock.dll
0x00007ffb860b0000 - 0x00007ffb860c6000 	C:\Users\lenovo\.jdks\openjdk-23\bin\nio.dll
0x00007ffb82950000 - 0x00007ffb8296a000 	D:\Program\intellJ\IntelliJ IDEA Community Edition 2024.2.2\bin\breakgen64.dll
0x00007ffb85180000 - 0x00007ffb85189000 	C:\Users\lenovo\.jdks\openjdk-23\bin\extnet.dll
0x00007ffb84f50000 - 0x00007ffb84f60000 	C:\Users\lenovo\.jdks\openjdk-23\bin\verify.dll
0x00007ffb8a350000 - 0x00007ffb8a368000 	C:\Windows\SYSTEM32\CRYPTSP.dll
0x00007ffb89a00000 - 0x00007ffb89a34000 	C:\Windows\system32\rsaenh.dll
0x00007ffb8a870000 - 0x00007ffb8a89e000 	C:\Windows\SYSTEM32\USERENV.dll
0x00007ffb8a340000 - 0x00007ffb8a34c000 	C:\Windows\SYSTEM32\CRYPTBASE.dll
0x00007ffb89de0000 - 0x00007ffb89e1b000 	C:\Windows\SYSTEM32\IPHLPAPI.DLL
0x00007ffb8d2c0000 - 0x00007ffb8d2c8000 	C:\Windows\System32\NSI.dll
0x00007ffb89e20000 - 0x00007ffb89eea000 	C:\Windows\SYSTEM32\DNSAPI.dll
0x000000006a270000 - 0x000000006a296000 	C:\Program Files\Bonjour\mdnsNSP.dll
0x00007ffb81b60000 - 0x00007ffb81b6a000 	C:\Windows\System32\rasadhlp.dll
0x00007ffb80800000 - 0x00007ffb80880000 	C:\Windows\System32\fwpuclnt.dll
0x00007ffb82930000 - 0x00007ffb8293e000 	C:\Users\lenovo\.jdks\openjdk-23\bin\sunmscapi.dll
0x00007ffb8b090000 - 0x00007ffb8b1ec000 	C:\Windows\System32\CRYPT32.dll
0x00007ffb8a460000 - 0x00007ffb8a489000 	C:\Windows\SYSTEM32\ncrypt.dll
0x00007ffb8a420000 - 0x00007ffb8a45b000 	C:\Windows\SYSTEM32\NTASN1.dll
0x00007ffb6a850000 - 0x00007ffb6a857000 	C:\Windows\system32\wshunix.dll

dbghelp: loaded successfully - version: 4.0.5 - missing functions: none
symbol engine: initialized successfully - sym options: 0x614 - pdb path: .;C:\Users\lenovo\.jdks\openjdk-23\bin;C:\Windows\SYSTEM32;C:\Windows\WinSxS\amd64_microsoft.windows.common-controls_6595b64144ccf1df_6.0.19041.4355_none_60b8b9eb71f62e16;C:\Users\lenovo\.jdks\openjdk-23\bin\server;D:\Program\intellJ\IntelliJ IDEA Community Edition 2024.2.2\bin;C:\Program Files\Bonjour

VM Arguments:
jvm_args: -ea -Didea.test.cyclic.buffer.size=1048576 -javaagent:D:\Program\intellJ\IntelliJ IDEA Community Edition 2024.2.2\lib\idea_rt.jar=6569:D:\Program\intellJ\IntelliJ IDEA Community Edition 2024.2.2\bin -Dfile.encoding=UTF-8 -Dsun.stdout.encoding=UTF-8 -Dsun.stderr.encoding=UTF-8 
java_command: com.intellij.rt.testng.RemoteTestNGStarter -usedefaultlisteners false -socket6568 @w@C:\Users\lenovo\AppData\Local\Temp\idea_working_dirs_testng.tmp -temp C:\Users\lenovo\AppData\Local\Temp\idea_testng.tmp
java_class_path (initial): D:\Program\intellJ\IntelliJ IDEA Community Edition 2024.2.2\lib\idea_rt.jar;D:\Program\intellJ\IntelliJ IDEA Community Edition 2024.2.2\plugins\testng\lib\testng-rt.jar;D:\Program\intellJ\Projects\SwagLabs\target\test-classes;D:\Program\intellJ\Projects\SwagLabs\target\classes;C:\Users\lenovo\.m2\repository\org\seleniumhq\selenium\selenium-java\4.25.0\selenium-java-4.25.0.jar;C:\Users\lenovo\.m2\repository\org\seleniumhq\selenium\selenium-api\4.25.0\selenium-api-4.25.0.jar;C:\Users\lenovo\.m2\repository\org\jspecify\jspecify\1.0.0\jspecify-1.0.0.jar;C:\Users\lenovo\.m2\repository\org\seleniumhq\selenium\selenium-chrome-driver\4.25.0\selenium-chrome-driver-4.25.0.jar;C:\Users\lenovo\.m2\repository\org\seleniumhq\selenium\selenium-chromium-driver\4.25.0\selenium-chromium-driver-4.25.0.jar;C:\Users\lenovo\.m2\repository\org\seleniumhq\selenium\selenium-manager\4.25.0\selenium-manager-4.25.0.jar;C:\Users\lenovo\.m2\repository\org\seleniumhq\selenium\selenium-devtools-v127\4.25.0\selenium-devtools-v127-4.25.0.jar;C:\Users\lenovo\.m2\repository\org\seleniumhq\selenium\selenium-devtools-v128\4.25.0\selenium-devtools-v128-4.25.0.jar;C:\Users\lenovo\.m2\repository\org\seleniumhq\selenium\selenium-devtools-v129\4.25.0\selenium-devtools-v129-4.25.0.jar;C:\Users\lenovo\.m2\repository\org\seleniumhq\selenium\selenium-devtools-v85\4.25.0\selenium-devtools-v85-4.25.0.jar;C:\Users\lenovo\.m2\repository\org\seleniumhq\selenium\selenium-edge-driver\4.25.0\selenium-edge-driver-4.25.0.jar;C:\Users\lenovo\.m2\repository\org\seleniumhq\selenium\selenium-firefox-driver\4.25.0\selenium-firefox-driver-4.25.0.jar;C:\Users\lenovo\.m2\repository\org\seleniumhq\selenium\selenium-http\4.25.0\selenium-http-4.25.0.jar;C:\Users\lenovo\.m2\repository\dev\failsafe\failsafe\3.3.2\failsafe-3.3.2.jar;C:\Users\lenovo\.m2\repository\org\seleniumhq\selenium\selenium-ie-driver\4.25.0\selenium-ie-driver-4.25.0.jar;C:\Users\lenovo\.m2\repository\org\seleniumhq\selenium\selenium-remote-driver\4.25.0\selenium-remote-driver-4.25.0.jar;C:\Users\lenovo\.m2\repository\io\opentelemetry\semconv\opentelemetry-semconv\1.25.0-alpha\opentelemetry-semconv-1.25.0-alpha.jar;C:\Users\lenovo\.m2\repository\io\opentelemetry\opentelemetry-api\1.42.1\opentelemetry-api-1.42.1.jar;C:\Users\lenovo\.m2\repository\io\opentelemetry\opentelemetry-context\1.42.1\opentelemetry-context-1.42.1.jar;C:\Users\lenovo\.m2\repository\io\opentelemetry\opentelemetry-exporter-logging\1.42.1\opentelemetry-exporter-logging-1.42.1.jar;C:\Users\lenovo\.m2\repository\io\opentelemetry\opentelemetry-sdk-common\1.42.1\opentelemetry-sdk-common-1.42.1.jar;C:\Users\lenovo\.m2\repository\io\opentelemetry\opentelemetry-sdk-extension-autoconfigure-spi\1.42.1\opentelemetry-sdk-extension-autoconfigure-spi-1.42.1.jar;C:\Users\lenovo\.m2\repository\io\opentelemetry\opentelemetry-sdk-extension-autoconfigure\1.42.1\opentelemetry-sdk-extension-autoconfigure-1.42.1.jar;C:\Users\lenovo\.m2\repository\io\opentelemetry\opentelemetry-api-incubator\1.42.1-alpha\opentelemetry-api-incubator-1.42.1-alpha.jar;C:\Users\lenovo\.m2\repository\io\opentelemetry\opentelemetry-sdk-trace\1.42.1\opentelemetry-sdk-trace-1.42.1.jar;C:\Users\lenovo\.m2\repository\io\opentelemetry\opentelemetry-sdk\1.42.1\opentelemetry-sdk-1.42.1.jar;C:\Users\lenovo\.m2\repository\io\opentelemetry\opentelemetry-sdk-metrics\1.42.1\opentelemetry-sdk-metrics-1.42.1.jar;C:\Users\lenovo\.m2\repository\io\opentelemetry\opentelemetry-sdk-logs\1.42.1\opentelemetry-sdk-logs-1.42.1.jar;C:\Users\lenovo\.m2\repository\org\seleniumhq\selenium\selenium-os\4.25.0\selenium-os-4.25.0.jar;C:\Users\lenovo\.m2\repository\org\apache\commons\commons-exec\1.4.0\commons-exec-1.4.0.jar;C:\Users\lenovo\.m2\repository\org\seleniumhq\selenium\selenium-safari-driver\4.25.0\selenium-safari-driver-4.25.0.jar;C:\Users\lenovo\.m2\repository\org\seleniumhq\selenium\selenium-support\4.25.0\selenium-support-4.25.0.jar;C:\Users\lenovo\.m2\repository\com\google\auto\service\auto-service-annotations\1.1.1\auto-service-annotations-1.1.1.jar;C:\Users\lenovo\.m2\repository\com\google\guava\guava\33.3.0-jre\guava-33.3.0-jre.jar;C:\Users\lenovo\.m2\repository\com\google\guava\failureaccess\1.0.2\failureaccess-1.0.2.jar;C:\Users\lenovo\.m2\repository\com\google\guava\listenablefuture\9999.0-empty-to-avoid-conflict-with-guava\listenablefuture-9999.0-empty-to-avoid-conflict-with-guava.jar;C:\Users\lenovo\.m2\repository\com\google\code\findbugs\jsr305\3.0.2\jsr305-3.0.2.jar;C:\Users\lenovo\.m2\repository\org\checkerframework\checker-qual\3.43.0\checker-qual-3.43.0.jar;C:\Users\lenovo\.m2\repository\com\google\errorprone\error_prone_annotations\2.28.0\error_prone_annotations-2.28.0.jar;C:\Users\lenovo\.m2\repository\com\google\j2objc\j2objc-annotations\3.0.0\j2objc-annotations-3.0.0.jar;C:\Users\lenovo\.m2\repository\net\bytebuddy\byte-buddy\1.15.1\byte-buddy-1.15.1.jar;C:\Users\lenovo\.m2\repository\org\seleniumhq\selenium\selenium-json\4.25.0\selenium-json-4.25.0.jar;C:\Users\lenovo\.m2\repository\org\testng\testng\7.10.2\testng-7.10.2.jar;C:\Users\lenovo\.m2\repository\org\slf4j\slf4j-api\1.7.36\slf4j-api-1.7.36.jar;C:\Users\lenovo\.m2\repository\com\beust\jcommander\1.82\jcommander-1.82.jar;C:\Users\lenovo\.m2\repository\org\webjars\jquery\3.7.1\jquery-3.7.1.jar;C:\Users\lenovo\.m2\repository\io\qameta\allure\allure-testng\2.29.0\allure-testng-2.29.0.jar;C:\Users\lenovo\.m2\repository\io\qameta\allure\allure-java-commons\2.29.0\allure-java-commons-2.29.0.jar;C:\Users\lenovo\.m2\repository\io\qameta\allure\allure-model\2.29.0\allure-model-2.29.0.jar;C:\Users\lenovo\.m2\repository\io\qameta\allure\allure-test-filter\2.29.0\allure-test-filter-2.29.0.jar;C:\Users\lenovo\.m2\repository\commons-io\commons-io\2.11.0\commons-io-2.11.0.jar;C:\Users\lenovo\.m2\repository\com\assertthat\selenium-shutterbug\1.6\selenium-shutterbug-1.6.jar;C:\Users\lenovo\.m2\repository\com\github\zafarkhaja\java-semver\0.9.0\java-semver-0.9.0.jar;C:\Users\lenovo\.m2\repository\io\github\bonigarcia\webdrivermanager\4.0.0\webdrivermanager-4.0.0.jar;C:\Users\lenovo\.m2\repository\com\google\code\gson\gson\2.8.6\gson-2.8.6.jar;C:\Users\lenovo\.m2\repository\org\apache\commons\commons-lang3\3.10\commons-lang3-3.10.jar;C:\Users\lenovo\.m2\repository\org\apache\httpcomponents\client5\httpclient5\5.0\httpclient5-5.0.jar;C:\Users\lenovo\.m2\repository\org\apache\httpcomponents\core5\httpcore5\5.0\httpcore5-5.0.jar;C:\Users\lenovo\.m2\repository\org\apache\httpcomponents\core5\httpcore5-h2\5.0\httpcore5-h2-5.0.jar;C:\Users\lenovo\.m2\repository\commons-codec\commons-codec\1.13\commons-codec-1.13.jar;C:\Users\lenovo\.m2\repository\org\rauschig\jarchivelib\1.0.0\jarchivelib-1.0.0.jar;C:\Users\lenovo\.m2\repository\org\apache\commons\commons-compress\1.18\commons-compress-1.18.jar;C:\Users\lenovo\.m2\repository\org\jsoup\jsoup\1.13.1\jsoup-1.13.1.jar
Launcher Type: SUN_STANDARD

[Global flags]
     intx CICompilerCount                          = 4                                         {product} {ergonomic}
     uint ConcGCThreads                            = 2                                         {product} {ergonomic}
     uint G1ConcRefinementThreads                  = 8                                         {product} {ergonomic}
   size_t G1HeapRegionSize                         = 2097152                                   {product} {ergonomic}
   size_t InitialHeapSize                          = 268435456                                 {product} {ergonomic}
   size_t MarkStackSize                            = 4194304                                   {product} {ergonomic}
   size_t MarkStackSizeMax                         = 536870912                                 {product} {ergonomic}
   size_t MaxHeapSize                              = 4267704320                                {product} {ergonomic}
   size_t MaxNewSize                               = 2560622592                                {product} {ergonomic}
   size_t MinHeapDeltaBytes                        = 2097152                                   {product} {ergonomic}
   size_t MinHeapSize                              = 8388608                                   {product} {ergonomic}
    uintx NonNMethodCodeHeapSize                   = 5832704                                {pd product} {ergonomic}
    uintx NonProfiledCodeHeapSize                  = 122945536                              {pd product} {ergonomic}
    uintx ProfiledCodeHeapSize                     = 122880000                              {pd product} {ergonomic}
    uintx ReservedCodeCacheSize                    = 251658240                              {pd product} {ergonomic}
     bool SegmentedCodeCache                       = true                                      {product} {ergonomic}
   size_t SoftMaxHeapSize                          = 4267704320                             {manageable} {ergonomic}
     bool UseCompressedOops                        = true                           {product lp64_product} {ergonomic}
     bool UseG1GC                                  = true                                      {product} {ergonomic}
     bool UseLargePagesIndividualAllocation        = false                                  {pd product} {ergonomic}

Logging:
Log output configuration:
 #0: stdout all=warning uptime,level,tags foldmultilines=false
 #1: stderr all=off uptime,level,tags foldmultilines=false

Environment Variables:
PATH=D:\IOS\VMWare\bin\;C:\Program Files\Common Files\Oracle\Java\javapath;C:\Windows\system32;C:\Windows;C:\Windows\System32\Wbem;C:\Windows\System32\WindowsPowerShell\v1.0\;C:\Windows\System32\OpenSSH\;C:\Program Files (x86)\NVIDIA Corporation\PhysX\Common;C:\MinGW\bin;C:\Program Files\NVIDIA Corporation\NVIDIA NvDLISR;D:\Program\Notepad++\mingw32\bin;D:\Program\Git\Git\cmd;C:\Program Files\Cloudflare\Cloudflare WARP\;C:\Program Files\Microsoft SQL Server\150\Tools\Binn\;C:\Program Files\Microsoft SQL Server\Client SDK\ODBC\170\Tools\Binn\;C:\Program Files\dotnet\;C:\Program Files (x86)\Microsoft SQL Server\160\Tools\Binn\;C:\Program Files\Microsoft SQL Server\160\Tools\Binn\;C:\Program Files\Microsoft SQL Server\160\DTS\Binn\;C:\Program Files (x86)\Microsoft SQL Server\160\DTS\Binn\;D:\PYTHON SETUP\SET UP\Scripts\;D:\PYTHON SETUP\SET UP\;C:\Users\lenovo\AppData\Local\Microsoft\WindowsApps;C:\Users\lenovo\.dotnet\tools;D:\Program\intellJ\IntelliJ IDEA Community Edition 2024.2.2\bin;
USERNAME=lenovo
OS=Windows_NT
PROCESSOR_IDENTIFIER=Intel64 Family 6 Model 158 Stepping 9, GenuineIntel
TMP=C:\Users\lenovo\AppData\Local\Temp
TEMP=C:\Users\lenovo\AppData\Local\Temp




Periodic native trim disabled

---------------  S Y S T E M  ---------------

OS:
 Windows 10 , 64 bit Build 19041 (10.0.19041.4842)
OS uptime: 9 days 13:55 hours

CPU: total 8 (initial active 8) (4 cores per cpu, 2 threads per core) family 6 model 158 stepping 9 microcode 0xb4, cx8, cmov, fxsr, ht, mmx, 3dnowpref, sse, sse2, sse3, ssse3, sse4.1, sse4.2, popcnt, lzcnt, tsc, tscinvbit, avx, avx2, aes, erms, clmul, bmi1, bmi2, adx, fma, vzeroupper, clflush, clflushopt, rdtscp, f16c
Processor Information for the first 8 processors :
  Max Mhz: 2801, Current Mhz: 2800, Mhz Limit: 2772

Memory: 4k page, system-wide physical 16276M (1368M free)
TotalPageFile size 31537M (AvailPageFile size 14M)
current process WorkingSet (physical memory assigned to process): 139M, peak: 141M
current process commit charge ("private bytes"): 405M, peak: 408M

vm_info: OpenJDK 64-Bit Server VM (23+37-2369) for windows-amd64 JRE (23+37-2369), built on 2024-08-20T16:01:23Z with MS VC++ 17.6 (VS2022)

END.
