#
# There is insufficient memory for the Java Runtime Environment to continue.
# Native memory allocation (malloc) failed to allocate 32744 bytes. Error detail: Chunk::new
# Possible reasons:
#   The system is out of physical RAM or swap space
#   This process is running with CompressedOops enabled, and the Java Heap may be blocking the growth of the native heap
# Possible solutions:
#   Reduce memory load on the system
#   Increase physical memory or swap space
#   Check if swap backing store is full
#   Decrease Java heap size (-Xmx/-Xms)
#   Decrease number of Java threads
#   Decrease Java thread stack sizes (-Xss)
#   Set larger code cache with -XX:ReservedCodeCacheSize=
#   JVM is running with Zero Based Compressed Oops mode in which the Java heap is
#     placed in the first 32GB address space. The Java Heap base address is the
#     maximum limit for the native heap growth. Please use -XX:HeapBaseMinAddress
#     to set the Java Heap base and to place the Java Heap above 32GB virtual address.
# This output file may be truncated or incomplete.
#
#  Out of Memory Error (arena.cpp:149), pid=5108, tid=28260
#
# JRE version: OpenJDK Runtime Environment (23.0+37) (build 23+37-2369)
# Java VM: OpenJDK 64-Bit Server VM (23+37-2369, mixed mode, sharing, tiered, compressed oops, compressed class ptrs, g1 gc, windows-amd64)
# No core dump will be written. Minidumps are not enabled by default on client versions of Windows
#

---------------  S U M M A R Y ------------

Command Line: -ea -Didea.test.cyclic.buffer.size=1048576 -javaagent:D:\Program\intellJ\IntelliJ IDEA Community Edition 2024.2.2\lib\idea_rt.jar=5283:D:\Program\intellJ\IntelliJ IDEA Community Edition 2024.2.2\bin -Dfile.encoding=UTF-8 -Dsun.stdout.encoding=UTF-8 -Dsun.stderr.encoding=UTF-8 com.intellij.rt.testng.RemoteTestNGStarter -usedefaultlisteners false -socket5282 @w@C:\Users\lenovo\AppData\Local\Temp\idea_working_dirs_testng.tmp -temp C:\Users\lenovo\AppData\Local\Temp\idea_testng.tmp

Host: Intel(R) Core(TM) i7-7700HQ CPU @ 2.80GHz, 8 cores, 15G,  Windows 10 , 64 bit Build 19041 (10.0.19041.4842)
Time: Fri Oct  4 23:14:34 2024 Egypt Daylight Time elapsed time: 6.205638 seconds (0d 0h 0m 6s)

---------------  T H R E A D  ---------------

Current thread (0x000001b9662053c0):  JavaThread "C2 CompilerThread0" daemon [_thread_in_native, id=28260, stack(0x000000a6e4500000,0x000000a6e4600000) (1024K)]


Current CompileTask:
C2:6205 2337       4       jdk.internal.org.objectweb.asm.Frame::execute (2305 bytes)

Stack: [0x000000a6e4500000,0x000000a6e4600000]
Native frames: (J=compiled Java code, j=interpreted, Vv=VM code, C=native code)
V  [jvm.dll+0x6e08a9]  (no source info available)
V  [jvm.dll+0x87da63]  (no source info available)
V  [jvm.dll+0x87feee]  (no source info available)
V  [jvm.dll+0x8805c3]  (no source info available)
V  [jvm.dll+0x27aee6]  (no source info available)
V  [jvm.dll+0xbc06f]  (no source info available)
V  [jvm.dll+0xbc2cb]  (no source info available)
V  [jvm.dll+0x70b41a]  (no source info available)
V  [jvm.dll+0x1dc46b]  (no source info available)
V  [jvm.dll+0x244be5]  (no source info available)
V  [jvm.dll+0x243dff]  (no source info available)
V  [jvm.dll+0x1c33a0]  (no source info available)
V  [jvm.dll+0x253cf1]  (no source info available)
V  [jvm.dll+0x251faa]  (no source info available)
V  [jvm.dll+0x3ee036]  (no source info available)
V  [jvm.dll+0x824f1b]  (no source info available)
V  [jvm.dll+0x6df055]  (no source info available)
C  [ucrtbase.dll+0x21bb2]  (no source info available)
C  [KERNEL32.DLL+0x17374]  (no source info available)
C  [ntdll.dll+0x4cc91]  (no source info available)

Lock stack of current Java thread (top to bottom):


---------------  P R O C E S S  ---------------

Threads class SMR info:
_java_thread_list=0x000001b942979d20, length=26, elements={
0x000001b946c9a830, 0x000001b9661eddc0, 0x000001b9661f13b0, 0x000001b9661f51e0,
0x000001b9661f7d50, 0x000001b9661faf60, 0x000001b9661fe170, 0x000001b9662053c0,
0x000001b9662129d0, 0x000001b9410df8f0, 0x000001b94124d120, 0x000001b94124db90,
0x000001b94236be00, 0x000001b942c1f1b0, 0x000001b9433b8cf0, 0x000001b94395fd00,
0x000001b94379cbd0, 0x000001b943a8a170, 0x000001b943db2930, 0x000001b943db0ef0,
0x000001b943db3650, 0x000001b943db3ce0, 0x000001b943db4370, 0x000001b943db2fc0,
0x000001b943db1580, 0x000001b943db22a0
}

Java Threads: ( => current thread )
  0x000001b946c9a830 JavaThread "Forwarding maximizeCurrentWindow on session 8f7ff742a1795b9c6e0a64c3fd83774c to remote"        [_thread_blocked, id=15944, stack(0x000000a6e3700000,0x000000a6e3800000) (1024K)]
  0x000001b9661eddc0 JavaThread "Reference Handler"          daemon [_thread_blocked, id=22544, stack(0x000000a6e3f00000,0x000000a6e4000000) (1024K)]
  0x000001b9661f13b0 JavaThread "Finalizer"                  daemon [_thread_blocked, id=17092, stack(0x000000a6e4000000,0x000000a6e4100000) (1024K)]
  0x000001b9661f51e0 JavaThread "Signal Dispatcher"          daemon [_thread_blocked, id=27796, stack(0x000000a6e4100000,0x000000a6e4200000) (1024K)]
  0x000001b9661f7d50 JavaThread "Attach Listener"            daemon [_thread_blocked, id=25196, stack(0x000000a6e4200000,0x000000a6e4300000) (1024K)]
  0x000001b9661faf60 JavaThread "Service Thread"             daemon [_thread_blocked, id=26664, stack(0x000000a6e4300000,0x000000a6e4400000) (1024K)]
  0x000001b9661fe170 JavaThread "Monitor Deflation Thread"   daemon [_thread_blocked, id=26148, stack(0x000000a6e4400000,0x000000a6e4500000) (1024K)]
=>0x000001b9662053c0 JavaThread "C2 CompilerThread0"         daemon [_thread_in_native, id=28260, stack(0x000000a6e4500000,0x000000a6e4600000) (1024K)]
  0x000001b9662129d0 JavaThread "C1 CompilerThread0"         daemon [_thread_blocked, id=22604, stack(0x000000a6e4600000,0x000000a6e4700000) (1024K)]
  0x000001b9410df8f0 JavaThread "Common-Cleaner"             daemon [_thread_blocked, id=23144, stack(0x000000a6e4700000,0x000000a6e4800000) (1024K)]
  0x000001b94124d120 JavaThread "Monitor Ctrl-Break"         daemon [_thread_in_native, id=14700, stack(0x000000a6e4900000,0x000000a6e4a00000) (1024K)]
  0x000001b94124db90 JavaThread "Notification Thread"        daemon [_thread_blocked, id=5792, stack(0x000000a6e4a00000,0x000000a6e4b00000) (1024K)]
  0x000001b94236be00 JavaThread "ForkJoinPool.commonPool-worker-1" daemon [_thread_blocked, id=22980, stack(0x000000a6e4800000,0x000000a6e4900000) (1024K)]
  0x000001b942c1f1b0 JavaThread "HttpClient-1-SelectorManager" daemon [_thread_in_native, id=9644, stack(0x000000a6e5300000,0x000000a6e5400000) (1024K)]
  0x000001b9433b8cf0 JavaThread "External Process Output Forwarder - C:\Users\lenovo\.cache\selenium\chromedriver\win64\129.0.6668.89\chromedriver.exe" daemon [_thread_in_native, id=6700, stack(0x000000a6e5400000,0x000000a6e5500000) (1024K)]
  0x000001b94395fd00 JavaThread "Driver Service Executor"    daemon [_thread_blocked, id=10508, stack(0x000000a6e5500000,0x000000a6e5600000) (1024K)]
  0x000001b94379cbd0 JavaThread "Driver Service Executor"    daemon [_thread_in_native, id=23428, stack(0x000000a6e5600000,0x000000a6e5700000) (1024K)]
  0x000001b943a8a170 JavaThread "UrlChecker-2"               daemon [_thread_blocked, id=27760, stack(0x000000a6e5700000,0x000000a6e5800000) (1024K)]
  0x000001b943db2930 JavaThread "Keep-Alive-Timer"           daemon [_thread_blocked, id=20304, stack(0x000000a6e5900000,0x000000a6e5a00000) (1024K)]
  0x000001b943db0ef0 JavaThread "JdkHttpClient-0-0"          daemon [_thread_blocked, id=8532, stack(0x000000a6e5a00000,0x000000a6e5b00000) (1024K)]
  0x000001b943db3650 JavaThread "JdkHttpClient-0-1"          daemon [_thread_blocked, id=21448, stack(0x000000a6e5b00000,0x000000a6e5c00000) (1024K)]
  0x000001b943db3ce0 JavaThread "JdkHttpClient-0-2"          daemon [_thread_blocked, id=22292, stack(0x000000a6e5c00000,0x000000a6e5d00000) (1024K)]
  0x000001b943db4370 JavaThread "HttpClient-2-SelectorManager" daemon [_thread_in_native, id=8452, stack(0x000000a6e5200000,0x000000a6e5300000) (1024K)]
  0x000001b943db2fc0 JavaThread "JdkHttpClient-1-0"          daemon [_thread_blocked, id=22924, stack(0x000000a6e5d00000,0x000000a6e5e00000) (1024K)]
  0x000001b943db1580 JavaThread "JdkHttpClient-1-1"          daemon [_thread_blocked, id=22420, stack(0x000000a6e5e00000,0x000000a6e5f00000) (1024K)]
  0x000001b943db22a0 JavaThread "JdkHttpClient-1-2"          daemon [_thread_blocked, id=5224, stack(0x000000a6e5f00000,0x000000a6e6000000) (1024K)]
Total: 26

Other Threads:
  0x000001b9661d5210 VMThread "VM Thread"                           [id=17124, stack(0x000000a6e3e00000,0x000000a6e3f00000) (1024K)]
  0x000001b9661c3e50 WatcherThread "VM Periodic Task Thread"        [id=24116, stack(0x000000a6e3d00000,0x000000a6e3e00000) (1024K)]
  0x000001b946d058a0 WorkerThread "GC Thread#0"                     [id=8680, stack(0x000000a6e3800000,0x000000a6e3900000) (1024K)]
  0x000001b942091b00 WorkerThread "GC Thread#1"                     [id=2080, stack(0x000000a6e4b00000,0x000000a6e4c00000) (1024K)]
  0x000001b9420e38b0 WorkerThread "GC Thread#2"                     [id=23948, stack(0x000000a6e4c00000,0x000000a6e4d00000) (1024K)]
  0x000001b9420af5d0 WorkerThread "GC Thread#3"                     [id=23372, stack(0x000000a6e4d00000,0x000000a6e4e00000) (1024K)]
  0x000001b94211fad0 WorkerThread "GC Thread#4"                     [id=608, stack(0x000000a6e4e00000,0x000000a6e4f00000) (1024K)]
  0x000001b94211fe80 WorkerThread "GC Thread#5"                     [id=26752, stack(0x000000a6e4f00000,0x000000a6e5000000) (1024K)]
  0x000001b94211efc0 WorkerThread "GC Thread#6"                     [id=19988, stack(0x000000a6e5000000,0x000000a6e5100000) (1024K)]
  0x000001b94211f720 WorkerThread "GC Thread#7"                     [id=21332, stack(0x000000a6e5100000,0x000000a6e5200000) (1024K)]
  0x000001b946d1a880 ConcurrentGCThread "G1 Main Marker"            [id=7492, stack(0x000000a6e3900000,0x000000a6e3a00000) (1024K)]
  0x000001b946d1bb30 WorkerThread "G1 Conc#0"                       [id=4612, stack(0x000000a6e3a00000,0x000000a6e3b00000) (1024K)]
  0x000001b946d5eb90 ConcurrentGCThread "G1 Refine#0"               [id=21636, stack(0x000000a6e3b00000,0x000000a6e3c00000) (1024K)]
  0x000001b96608a440 ConcurrentGCThread "G1 Service"                [id=8308, stack(0x000000a6e3c00000,0x000000a6e3d00000) (1024K)]
Total: 14

Threads with active compile tasks:
C2 CompilerThread0  6311 2337       4       jdk.internal.org.objectweb.asm.Frame::execute (2305 bytes)
Total: 1

VM state: not at safepoint (normal execution)

VM Mutex/Monitor currently owned by a thread: None

Heap address: 0x0000000701a00000, size: 4070 MB, Compressed Oops mode: Zero based, Oop shift amount: 3

CDS archive(s) mapped at: [0x000001b900000000-0x000001b900d70000-0x000001b900d70000), size 14090240, SharedBaseAddress: 0x000001b900000000, ArchiveRelocationMode: 1.
Compressed class space mapped at: 0x000001b901000000-0x000001b941000000, reserved size: 1073741824
Narrow klass base: 0x000001b900000000, Narrow klass shift: 0, Narrow klass range: 0x41000000

GC Precious Log:
 CardTable entry size: 512
 Card Set container configuration: InlinePtr #cards 4 size 8 Array Of Cards #cards 16 size 48 Howl #buckets 8 coarsen threshold 3686 Howl Bitmap #cards 512 size 80 coarsen threshold 460 Card regions per heap region 1 cards per card region 4096
 CPUs: 8 total, 8 available
 Memory: 16276M
 Large Page Support: Disabled
 NUMA Support: Disabled
 Compressed Oops: Enabled (Zero based)
 Heap Region Size: 2M
 Heap Min Capacity: 8M
 Heap Initial Capacity: 256M
 Heap Max Capacity: 4070M
 Pre-touch: Disabled
 Parallel Workers: 8
 Concurrent Workers: 2
 Concurrent Refinement Workers: 8
 Periodic GC: Disabled

Heap:
 garbage-first heap   total reserved 4167680K, committed 262144K, used 24171K [0x0000000701a00000, 0x0000000800000000)
  region size 2048K, 11 young (22528K), 2 survivors (4096K)
 Metaspace       used 19799K, committed 20224K, reserved 1114112K
  class space    used 2447K, committed 2624K, reserved 1048576K

Heap Regions: E=young(eden), S=young(survivor), O=old, HS=humongous(starts), HC=humongous(continues), CS=collection set, F=free, TAMS=top-at-mark-start, PB=parsable bottom
|   0|0x0000000701a00000, 0x0000000701c00000, 0x0000000701c00000|100%| O|  |TAMS 0x0000000701a00000| PB 0x0000000701a00000| Untracked |  0
|   1|0x0000000701c00000, 0x0000000701e00000, 0x0000000701e00000|100%| O|  |TAMS 0x0000000701c00000| PB 0x0000000701c00000| Untracked |  0
|   2|0x0000000701e00000, 0x0000000701f277c8, 0x0000000702000000| 57%| O|  |TAMS 0x0000000701e00000| PB 0x0000000701e00000| Untracked |  0
|   3|0x0000000702000000, 0x0000000702000000, 0x0000000702200000|  0%| F|  |TAMS 0x0000000702000000| PB 0x0000000702000000| Untracked |  0
|   4|0x0000000702200000, 0x0000000702200000, 0x0000000702400000|  0%| F|  |TAMS 0x0000000702200000| PB 0x0000000702200000| Untracked |  0
|   5|0x0000000702400000, 0x0000000702400000, 0x0000000702600000|  0%| F|  |TAMS 0x0000000702400000| PB 0x0000000702400000| Untracked |  0
|   6|0x0000000702600000, 0x0000000702600000, 0x0000000702800000|  0%| F|  |TAMS 0x0000000702600000| PB 0x0000000702600000| Untracked |  0
|   7|0x0000000702800000, 0x0000000702800000, 0x0000000702a00000|  0%| F|  |TAMS 0x0000000702800000| PB 0x0000000702800000| Untracked |  0
|   8|0x0000000702a00000, 0x0000000702a00000, 0x0000000702c00000|  0%| F|  |TAMS 0x0000000702a00000| PB 0x0000000702a00000| Untracked |  0
|   9|0x0000000702c00000, 0x0000000702c00000, 0x0000000702e00000|  0%| F|  |TAMS 0x0000000702c00000| PB 0x0000000702c00000| Untracked |  0
|  10|0x0000000702e00000, 0x0000000702e00000, 0x0000000703000000|  0%| F|  |TAMS 0x0000000702e00000| PB 0x0000000702e00000| Untracked |  0
|  11|0x0000000703000000, 0x0000000703000000, 0x0000000703200000|  0%| F|  |TAMS 0x0000000703000000| PB 0x0000000703000000| Untracked |  0
|  12|0x0000000703200000, 0x0000000703200000, 0x0000000703400000|  0%| F|  |TAMS 0x0000000703200000| PB 0x0000000703200000| Untracked |  0
|  13|0x0000000703400000, 0x0000000703400000, 0x0000000703600000|  0%| F|  |TAMS 0x0000000703400000| PB 0x0000000703400000| Untracked |  0
|  14|0x0000000703600000, 0x0000000703600000, 0x0000000703800000|  0%| F|  |TAMS 0x0000000703600000| PB 0x0000000703600000| Untracked |  0
|  15|0x0000000703800000, 0x0000000703800000, 0x0000000703a00000|  0%| F|  |TAMS 0x0000000703800000| PB 0x0000000703800000| Untracked |  0
|  16|0x0000000703a00000, 0x0000000703a00000, 0x0000000703c00000|  0%| F|  |TAMS 0x0000000703a00000| PB 0x0000000703a00000| Untracked |  0
|  17|0x0000000703c00000, 0x0000000703c00000, 0x0000000703e00000|  0%| F|  |TAMS 0x0000000703c00000| PB 0x0000000703c00000| Untracked |  0
|  18|0x0000000703e00000, 0x0000000703e00000, 0x0000000704000000|  0%| F|  |TAMS 0x0000000703e00000| PB 0x0000000703e00000| Untracked |  0
|  19|0x0000000704000000, 0x0000000704000000, 0x0000000704200000|  0%| F|  |TAMS 0x0000000704000000| PB 0x0000000704000000| Untracked |  0
|  20|0x0000000704200000, 0x0000000704200000, 0x0000000704400000|  0%| F|  |TAMS 0x0000000704200000| PB 0x0000000704200000| Untracked |  0
|  21|0x0000000704400000, 0x0000000704400000, 0x0000000704600000|  0%| F|  |TAMS 0x0000000704400000| PB 0x0000000704400000| Untracked |  0
|  22|0x0000000704600000, 0x0000000704600000, 0x0000000704800000|  0%| F|  |TAMS 0x0000000704600000| PB 0x0000000704600000| Untracked |  0
|  23|0x0000000704800000, 0x0000000704800000, 0x0000000704a00000|  0%| F|  |TAMS 0x0000000704800000| PB 0x0000000704800000| Untracked |  0
|  24|0x0000000704a00000, 0x0000000704a00000, 0x0000000704c00000|  0%| F|  |TAMS 0x0000000704a00000| PB 0x0000000704a00000| Untracked |  0
|  25|0x0000000704c00000, 0x0000000704c00000, 0x0000000704e00000|  0%| F|  |TAMS 0x0000000704c00000| PB 0x0000000704c00000| Untracked |  0
|  26|0x0000000704e00000, 0x0000000704e00000, 0x0000000705000000|  0%| F|  |TAMS 0x0000000704e00000| PB 0x0000000704e00000| Untracked |  0
|  27|0x0000000705000000, 0x0000000705000000, 0x0000000705200000|  0%| F|  |TAMS 0x0000000705000000| PB 0x0000000705000000| Untracked |  0
|  28|0x0000000705200000, 0x0000000705200000, 0x0000000705400000|  0%| F|  |TAMS 0x0000000705200000| PB 0x0000000705200000| Untracked |  0
|  29|0x0000000705400000, 0x0000000705400000, 0x0000000705600000|  0%| F|  |TAMS 0x0000000705400000| PB 0x0000000705400000| Untracked |  0
|  30|0x0000000705600000, 0x0000000705600000, 0x0000000705800000|  0%| F|  |TAMS 0x0000000705600000| PB 0x0000000705600000| Untracked |  0
|  31|0x0000000705800000, 0x0000000705800000, 0x0000000705a00000|  0%| F|  |TAMS 0x0000000705800000| PB 0x0000000705800000| Untracked |  0
|  32|0x0000000705a00000, 0x0000000705a00000, 0x0000000705c00000|  0%| F|  |TAMS 0x0000000705a00000| PB 0x0000000705a00000| Untracked |  0
|  33|0x0000000705c00000, 0x0000000705c00000, 0x0000000705e00000|  0%| F|  |TAMS 0x0000000705c00000| PB 0x0000000705c00000| Untracked |  0
|  34|0x0000000705e00000, 0x0000000705e00000, 0x0000000706000000|  0%| F|  |TAMS 0x0000000705e00000| PB 0x0000000705e00000| Untracked |  0
|  35|0x0000000706000000, 0x0000000706000000, 0x0000000706200000|  0%| F|  |TAMS 0x0000000706000000| PB 0x0000000706000000| Untracked |  0
|  36|0x0000000706200000, 0x0000000706200000, 0x0000000706400000|  0%| F|  |TAMS 0x0000000706200000| PB 0x0000000706200000| Untracked |  0
|  37|0x0000000706400000, 0x0000000706400000, 0x0000000706600000|  0%| F|  |TAMS 0x0000000706400000| PB 0x0000000706400000| Untracked |  0
|  38|0x0000000706600000, 0x0000000706600000, 0x0000000706800000|  0%| F|  |TAMS 0x0000000706600000| PB 0x0000000706600000| Untracked |  0
|  39|0x0000000706800000, 0x0000000706800000, 0x0000000706a00000|  0%| F|  |TAMS 0x0000000706800000| PB 0x0000000706800000| Untracked |  0
|  40|0x0000000706a00000, 0x0000000706a00000, 0x0000000706c00000|  0%| F|  |TAMS 0x0000000706a00000| PB 0x0000000706a00000| Untracked |  0
|  41|0x0000000706c00000, 0x0000000706c00000, 0x0000000706e00000|  0%| F|  |TAMS 0x0000000706c00000| PB 0x0000000706c00000| Untracked |  0
|  42|0x0000000706e00000, 0x0000000706e00000, 0x0000000707000000|  0%| F|  |TAMS 0x0000000706e00000| PB 0x0000000706e00000| Untracked |  0
|  43|0x0000000707000000, 0x0000000707000000, 0x0000000707200000|  0%| F|  |TAMS 0x0000000707000000| PB 0x0000000707000000| Untracked |  0
|  44|0x0000000707200000, 0x0000000707200000, 0x0000000707400000|  0%| F|  |TAMS 0x0000000707200000| PB 0x0000000707200000| Untracked |  0
|  45|0x0000000707400000, 0x0000000707400000, 0x0000000707600000|  0%| F|  |TAMS 0x0000000707400000| PB 0x0000000707400000| Untracked |  0
|  46|0x0000000707600000, 0x0000000707600000, 0x0000000707800000|  0%| F|  |TAMS 0x0000000707600000| PB 0x0000000707600000| Untracked |  0
|  47|0x0000000707800000, 0x0000000707800000, 0x0000000707a00000|  0%| F|  |TAMS 0x0000000707800000| PB 0x0000000707800000| Untracked |  0
|  48|0x0000000707a00000, 0x0000000707a00000, 0x0000000707c00000|  0%| F|  |TAMS 0x0000000707a00000| PB 0x0000000707a00000| Untracked |  0
|  49|0x0000000707c00000, 0x0000000707c00000, 0x0000000707e00000|  0%| F|  |TAMS 0x0000000707c00000| PB 0x0000000707c00000| Untracked |  0
|  50|0x0000000707e00000, 0x0000000707e00000, 0x0000000708000000|  0%| F|  |TAMS 0x0000000707e00000| PB 0x0000000707e00000| Untracked |  0
|  51|0x0000000708000000, 0x0000000708000000, 0x0000000708200000|  0%| F|  |TAMS 0x0000000708000000| PB 0x0000000708000000| Untracked |  0
|  52|0x0000000708200000, 0x0000000708200000, 0x0000000708400000|  0%| F|  |TAMS 0x0000000708200000| PB 0x0000000708200000| Untracked |  0
|  53|0x0000000708400000, 0x0000000708400000, 0x0000000708600000|  0%| F|  |TAMS 0x0000000708400000| PB 0x0000000708400000| Untracked |  0
|  54|0x0000000708600000, 0x0000000708600000, 0x0000000708800000|  0%| F|  |TAMS 0x0000000708600000| PB 0x0000000708600000| Untracked |  0
|  55|0x0000000708800000, 0x0000000708800000, 0x0000000708a00000|  0%| F|  |TAMS 0x0000000708800000| PB 0x0000000708800000| Untracked |  0
|  56|0x0000000708a00000, 0x0000000708a00000, 0x0000000708c00000|  0%| F|  |TAMS 0x0000000708a00000| PB 0x0000000708a00000| Untracked |  0
|  57|0x0000000708c00000, 0x0000000708c00000, 0x0000000708e00000|  0%| F|  |TAMS 0x0000000708c00000| PB 0x0000000708c00000| Untracked |  0
|  58|0x0000000708e00000, 0x0000000708e00000, 0x0000000709000000|  0%| F|  |TAMS 0x0000000708e00000| PB 0x0000000708e00000| Untracked |  0
|  59|0x0000000709000000, 0x0000000709000000, 0x0000000709200000|  0%| F|  |TAMS 0x0000000709000000| PB 0x0000000709000000| Untracked |  0
|  60|0x0000000709200000, 0x0000000709200000, 0x0000000709400000|  0%| F|  |TAMS 0x0000000709200000| PB 0x0000000709200000| Untracked |  0
|  61|0x0000000709400000, 0x0000000709400000, 0x0000000709600000|  0%| F|  |TAMS 0x0000000709400000| PB 0x0000000709400000| Untracked |  0
|  62|0x0000000709600000, 0x0000000709600000, 0x0000000709800000|  0%| F|  |TAMS 0x0000000709600000| PB 0x0000000709600000| Untracked |  0
|  63|0x0000000709800000, 0x0000000709800000, 0x0000000709a00000|  0%| F|  |TAMS 0x0000000709800000| PB 0x0000000709800000| Untracked |  0
|  64|0x0000000709a00000, 0x0000000709a00000, 0x0000000709c00000|  0%| F|  |TAMS 0x0000000709a00000| PB 0x0000000709a00000| Untracked |  0
|  65|0x0000000709c00000, 0x0000000709c00000, 0x0000000709e00000|  0%| F|  |TAMS 0x0000000709c00000| PB 0x0000000709c00000| Untracked |  0
|  66|0x0000000709e00000, 0x0000000709e00000, 0x000000070a000000|  0%| F|  |TAMS 0x0000000709e00000| PB 0x0000000709e00000| Untracked |  0
|  67|0x000000070a000000, 0x000000070a000000, 0x000000070a200000|  0%| F|  |TAMS 0x000000070a000000| PB 0x000000070a000000| Untracked |  0
|  68|0x000000070a200000, 0x000000070a200000, 0x000000070a400000|  0%| F|  |TAMS 0x000000070a200000| PB 0x000000070a200000| Untracked |  0
|  69|0x000000070a400000, 0x000000070a400000, 0x000000070a600000|  0%| F|  |TAMS 0x000000070a400000| PB 0x000000070a400000| Untracked |  0
|  70|0x000000070a600000, 0x000000070a600000, 0x000000070a800000|  0%| F|  |TAMS 0x000000070a600000| PB 0x000000070a600000| Untracked |  0
|  71|0x000000070a800000, 0x000000070a800000, 0x000000070aa00000|  0%| F|  |TAMS 0x000000070a800000| PB 0x000000070a800000| Untracked |  0
|  72|0x000000070aa00000, 0x000000070aa00000, 0x000000070ac00000|  0%| F|  |TAMS 0x000000070aa00000| PB 0x000000070aa00000| Untracked |  0
|  73|0x000000070ac00000, 0x000000070ac00000, 0x000000070ae00000|  0%| F|  |TAMS 0x000000070ac00000| PB 0x000000070ac00000| Untracked |  0
|  74|0x000000070ae00000, 0x000000070ae00000, 0x000000070b000000|  0%| F|  |TAMS 0x000000070ae00000| PB 0x000000070ae00000| Untracked |  0
|  75|0x000000070b000000, 0x000000070b000000, 0x000000070b200000|  0%| F|  |TAMS 0x000000070b000000| PB 0x000000070b000000| Untracked |  0
|  76|0x000000070b200000, 0x000000070b200000, 0x000000070b400000|  0%| F|  |TAMS 0x000000070b200000| PB 0x000000070b200000| Untracked |  0
|  77|0x000000070b400000, 0x000000070b400000, 0x000000070b600000|  0%| F|  |TAMS 0x000000070b400000| PB 0x000000070b400000| Untracked |  0
|  78|0x000000070b600000, 0x000000070b600000, 0x000000070b800000|  0%| F|  |TAMS 0x000000070b600000| PB 0x000000070b600000| Untracked |  0
|  79|0x000000070b800000, 0x000000070b800000, 0x000000070ba00000|  0%| F|  |TAMS 0x000000070b800000| PB 0x000000070b800000| Untracked |  0
|  80|0x000000070ba00000, 0x000000070ba00000, 0x000000070bc00000|  0%| F|  |TAMS 0x000000070ba00000| PB 0x000000070ba00000| Untracked |  0
|  81|0x000000070bc00000, 0x000000070bc00000, 0x000000070be00000|  0%| F|  |TAMS 0x000000070bc00000| PB 0x000000070bc00000| Untracked |  0
|  82|0x000000070be00000, 0x000000070be00000, 0x000000070c000000|  0%| F|  |TAMS 0x000000070be00000| PB 0x000000070be00000| Untracked |  0
|  83|0x000000070c000000, 0x000000070c000000, 0x000000070c200000|  0%| F|  |TAMS 0x000000070c000000| PB 0x000000070c000000| Untracked |  0
|  84|0x000000070c200000, 0x000000070c200000, 0x000000070c400000|  0%| F|  |TAMS 0x000000070c200000| PB 0x000000070c200000| Untracked |  0
|  85|0x000000070c400000, 0x000000070c400000, 0x000000070c600000|  0%| F|  |TAMS 0x000000070c400000| PB 0x000000070c400000| Untracked |  0
|  86|0x000000070c600000, 0x000000070c600000, 0x000000070c800000|  0%| F|  |TAMS 0x000000070c600000| PB 0x000000070c600000| Untracked |  0
|  87|0x000000070c800000, 0x000000070c800000, 0x000000070ca00000|  0%| F|  |TAMS 0x000000070c800000| PB 0x000000070c800000| Untracked |  0
|  88|0x000000070ca00000, 0x000000070ca00000, 0x000000070cc00000|  0%| F|  |TAMS 0x000000070ca00000| PB 0x000000070ca00000| Untracked |  0
|  89|0x000000070cc00000, 0x000000070cc00000, 0x000000070ce00000|  0%| F|  |TAMS 0x000000070cc00000| PB 0x000000070cc00000| Untracked |  0
|  90|0x000000070ce00000, 0x000000070ce00000, 0x000000070d000000|  0%| F|  |TAMS 0x000000070ce00000| PB 0x000000070ce00000| Untracked |  0
|  91|0x000000070d000000, 0x000000070d000000, 0x000000070d200000|  0%| F|  |TAMS 0x000000070d000000| PB 0x000000070d000000| Untracked |  0
|  92|0x000000070d200000, 0x000000070d200000, 0x000000070d400000|  0%| F|  |TAMS 0x000000070d200000| PB 0x000000070d200000| Untracked |  0
|  93|0x000000070d400000, 0x000000070d400000, 0x000000070d600000|  0%| F|  |TAMS 0x000000070d400000| PB 0x000000070d400000| Untracked |  0
|  94|0x000000070d600000, 0x000000070d600000, 0x000000070d800000|  0%| F|  |TAMS 0x000000070d600000| PB 0x000000070d600000| Untracked |  0
|  95|0x000000070d800000, 0x000000070d800000, 0x000000070da00000|  0%| F|  |TAMS 0x000000070d800000| PB 0x000000070d800000| Untracked |  0
|  96|0x000000070da00000, 0x000000070da00000, 0x000000070dc00000|  0%| F|  |TAMS 0x000000070da00000| PB 0x000000070da00000| Untracked |  0
|  97|0x000000070dc00000, 0x000000070dc00000, 0x000000070de00000|  0%| F|  |TAMS 0x000000070dc00000| PB 0x000000070dc00000| Untracked |  0
|  98|0x000000070de00000, 0x000000070de00000, 0x000000070e000000|  0%| F|  |TAMS 0x000000070de00000| PB 0x000000070de00000| Untracked |  0
|  99|0x000000070e000000, 0x000000070e000000, 0x000000070e200000|  0%| F|  |TAMS 0x000000070e000000| PB 0x000000070e000000| Untracked |  0
| 100|0x000000070e200000, 0x000000070e200000, 0x000000070e400000|  0%| F|  |TAMS 0x000000070e200000| PB 0x000000070e200000| Untracked |  0
| 101|0x000000070e400000, 0x000000070e400000, 0x000000070e600000|  0%| F|  |TAMS 0x000000070e400000| PB 0x000000070e400000| Untracked |  0
| 102|0x000000070e600000, 0x000000070e600000, 0x000000070e800000|  0%| F|  |TAMS 0x000000070e600000| PB 0x000000070e600000| Untracked |  0
| 103|0x000000070e800000, 0x000000070e800000, 0x000000070ea00000|  0%| F|  |TAMS 0x000000070e800000| PB 0x000000070e800000| Untracked |  0
| 104|0x000000070ea00000, 0x000000070ea00000, 0x000000070ec00000|  0%| F|  |TAMS 0x000000070ea00000| PB 0x000000070ea00000| Untracked |  0
| 105|0x000000070ec00000, 0x000000070ec00000, 0x000000070ee00000|  0%| F|  |TAMS 0x000000070ec00000| PB 0x000000070ec00000| Untracked |  0
| 106|0x000000070ee00000, 0x000000070ee00000, 0x000000070f000000|  0%| F|  |TAMS 0x000000070ee00000| PB 0x000000070ee00000| Untracked |  0
| 107|0x000000070f000000, 0x000000070f000000, 0x000000070f200000|  0%| F|  |TAMS 0x000000070f000000| PB 0x000000070f000000| Untracked |  0
| 108|0x000000070f200000, 0x000000070f200000, 0x000000070f400000|  0%| F|  |TAMS 0x000000070f200000| PB 0x000000070f200000| Untracked |  0
| 109|0x000000070f400000, 0x000000070f400000, 0x000000070f600000|  0%| F|  |TAMS 0x000000070f400000| PB 0x000000070f400000| Untracked |  0
| 110|0x000000070f600000, 0x000000070f600000, 0x000000070f800000|  0%| F|  |TAMS 0x000000070f600000| PB 0x000000070f600000| Untracked |  0
| 111|0x000000070f800000, 0x000000070f800000, 0x000000070fa00000|  0%| F|  |TAMS 0x000000070f800000| PB 0x000000070f800000| Untracked |  0
| 112|0x000000070fa00000, 0x000000070fa00000, 0x000000070fc00000|  0%| F|  |TAMS 0x000000070fa00000| PB 0x000000070fa00000| Untracked |  0
| 113|0x000000070fc00000, 0x000000070fc00000, 0x000000070fe00000|  0%| F|  |TAMS 0x000000070fc00000| PB 0x000000070fc00000| Untracked |  0
| 114|0x000000070fe00000, 0x000000070fe00000, 0x0000000710000000|  0%| F|  |TAMS 0x000000070fe00000| PB 0x000000070fe00000| Untracked |  0
| 115|0x0000000710000000, 0x0000000710000000, 0x0000000710200000|  0%| F|  |TAMS 0x0000000710000000| PB 0x0000000710000000| Untracked |  0
| 116|0x0000000710200000, 0x0000000710273470, 0x0000000710400000| 22%| S|CS|TAMS 0x0000000710200000| PB 0x0000000710200000| Complete |  0
| 117|0x0000000710400000, 0x0000000710600000, 0x0000000710600000|100%| S|CS|TAMS 0x0000000710400000| PB 0x0000000710400000| Complete |  0
| 118|0x0000000710600000, 0x0000000710600000, 0x0000000710800000|  0%| F|  |TAMS 0x0000000710600000| PB 0x0000000710600000| Untracked |  0
| 119|0x0000000710800000, 0x0000000710932bc0, 0x0000000710a00000| 59%| E|  |TAMS 0x0000000710800000| PB 0x0000000710800000| Complete |  0
| 120|0x0000000710a00000, 0x0000000710c00000, 0x0000000710c00000|100%| E|CS|TAMS 0x0000000710a00000| PB 0x0000000710a00000| Complete |  0
| 121|0x0000000710c00000, 0x0000000710e00000, 0x0000000710e00000|100%| E|CS|TAMS 0x0000000710c00000| PB 0x0000000710c00000| Complete |  0
| 122|0x0000000710e00000, 0x0000000711000000, 0x0000000711000000|100%| E|CS|TAMS 0x0000000710e00000| PB 0x0000000710e00000| Complete |  0
| 123|0x0000000711000000, 0x0000000711200000, 0x0000000711200000|100%| E|CS|TAMS 0x0000000711000000| PB 0x0000000711000000| Complete |  0
| 124|0x0000000711200000, 0x0000000711400000, 0x0000000711400000|100%| E|CS|TAMS 0x0000000711200000| PB 0x0000000711200000| Complete |  0
| 125|0x0000000711400000, 0x0000000711600000, 0x0000000711600000|100%| E|CS|TAMS 0x0000000711400000| PB 0x0000000711400000| Complete |  0
| 126|0x0000000711600000, 0x0000000711800000, 0x0000000711800000|100%| E|CS|TAMS 0x0000000711600000| PB 0x0000000711600000| Complete |  0
| 127|0x0000000711800000, 0x0000000711a00000, 0x0000000711a00000|100%| E|CS|TAMS 0x0000000711800000| PB 0x0000000711800000| Complete |  0

Card table byte_map: [0x000001b95f010000,0x000001b95f810000] _byte_map_base: 0x000001b95b803000

Marking Bits: (CMBitMap*) 0x000001b946d05fb0
 Bits: [0x000001b95f810000, 0x000001b9637a8000)

Polling page: 0x000001b944ad0000

Metaspace:

Usage:
  Non-class:     16.95 MB used.
      Class:      2.39 MB used.
       Both:     19.34 MB used.

Virtual space:
  Non-class space:       64.00 MB reserved,      17.19 MB ( 27%) committed,  1 nodes.
      Class space:        1.00 GB reserved,       2.56 MB ( <1%) committed,  1 nodes.
             Both:        1.06 GB reserved,      19.75 MB (  2%) committed. 

Chunk freelists:
   Non-Class:  14.00 MB
       Class:  13.38 MB
        Both:  27.38 MB

MaxMetaspaceSize: unlimited
CompressedClassSpaceSize: 1.00 GB
Initial GC threshold: 21.00 MB
Current GC threshold: 21.00 MB
CDS: on
 - commit_granule_bytes: 65536.
 - commit_granule_words: 8192.
 - virtual_space_node_default_size: 8388608.
 - enlarge_chunks_in_place: 1.
 - use_allocation_guard: 0.


Internal statistics:

num_allocs_failed_limit: 0.
num_arena_births: 488.
num_arena_deaths: 0.
num_vsnodes_births: 2.
num_vsnodes_deaths: 0.
num_space_committed: 316.
num_space_uncommitted: 0.
num_chunks_returned_to_freelist: 0.
num_chunks_taken_from_freelist: 1057.
num_chunk_merges: 0.
num_chunk_splits: 645.
num_chunks_enlarged: 373.
num_inconsistent_stats: 0.

CodeHeap 'non-profiled nmethods': size=120064Kb used=824Kb max_used=824Kb free=119239Kb
 bounds [0x000001b956e90000, 0x000001b957100000, 0x000001b95e3d0000]
CodeHeap 'profiled nmethods': size=120000Kb used=3352Kb max_used=3352Kb free=116648Kb
 bounds [0x000001b94f3d0000, 0x000001b94f720000, 0x000001b956900000]
CodeHeap 'non-nmethods': size=5696Kb used=1534Kb max_used=1610Kb free=4161Kb
 bounds [0x000001b956900000, 0x000001b956b70000, 0x000001b956e90000]
CodeCache: size=245760Kb, used=5710Kb, max_used=5786Kb, free=240048Kb
 total_blobs=3008, nmethods=2397, adapters=516, full_count=0
Compilation: enabled, stopped_count=0, restarted_count=0

Compilation events (20 events):
Event: 6.181 Thread 0x000001b9662053c0 nmethod 2333 0x000001b956f5b908 code [0x000001b956f5ba00, 0x000001b956f5baa8]
Event: 6.187 Thread 0x000001b9662129d0 2336       3       jdk.internal.misc.CDS::isLoggingLambdaFormInvokers (14 bytes)
Event: 6.187 Thread 0x000001b9662053c0 2337       4       jdk.internal.org.objectweb.asm.Frame::execute (2305 bytes)
Event: 6.187 Thread 0x000001b9662129d0 nmethod 2336 0x000001b94f6fcd88 code [0x000001b94f6fcea0, 0x000001b94f6fcfa0]
Event: 6.188 Thread 0x000001b9662129d0 2340       3       java.lang.invoke.InvokerBytecodeGenerator::<init> (80 bytes)
Event: 6.188 Thread 0x000001b9662129d0 nmethod 2340 0x000001b94f6fd088 code [0x000001b94f6fd1e0, 0x000001b94f6fd590]
Event: 6.189 Thread 0x000001b9662129d0 2341       3       java.lang.invoke.DirectMethodHandle$Holder::invokeStatic (17 bytes)
Event: 6.189 Thread 0x000001b9662129d0 nmethod 2341 0x000001b94f6fd608 code [0x000001b94f6fd740, 0x000001b94f6fdbd0]
Event: 6.197 Thread 0x000001b9662129d0 2344   !   3       java.lang.Class::desiredAssertionStatus (54 bytes)
Event: 6.198 Thread 0x000001b9662129d0 nmethod 2344 0x000001b94f6fdc08 code [0x000001b94f6fdd80, 0x000001b94f6fe368]
Event: 6.200 Thread 0x000001b9662129d0 2345       3       org.openqa.selenium.json.Types::narrow (54 bytes)
Event: 6.200 Thread 0x000001b9662129d0 nmethod 2345 0x000001b94f6fe408 code [0x000001b94f6fe5c0, 0x000001b94f6feeb8]
Event: 6.200 Thread 0x000001b9662129d0 2346       3       org.openqa.selenium.json.JsonInput::skipWhitespace (29 bytes)
Event: 6.201 Thread 0x000001b9662129d0 nmethod 2346 0x000001b94f6fef08 code [0x000001b94f6ff0c0, 0x000001b94f6ff7d0]
Event: 6.201 Thread 0x000001b9662129d0 2348       3       org.openqa.selenium.json.JsonInput::peek (270 bytes)
Event: 6.202 Thread 0x000001b9662129d0 nmethod 2348 0x000001b94f6ff888 code [0x000001b94f6ffb60, 0x000001b94f700cf8]
Event: 6.202 Thread 0x000001b9662129d0 2349       3       java.util.ArrayDeque::peekFirst (12 bytes)
Event: 6.202 Thread 0x000001b9662129d0 nmethod 2349 0x000001b94f700d88 code [0x000001b94f700ea0, 0x000001b94f701038]
Event: 6.202 Thread 0x000001b9662129d0 2347       3       java.util.RegularEnumSet::contains (57 bytes)
Event: 6.203 Thread 0x000001b9662129d0 nmethod 2347 0x000001b94f701088 code [0x000001b94f7011e0, 0x000001b94f7015b0]

GC Heap History (4 events):
Event: 1.079 GC heap before
{Heap before GC invocations=0 (full 0):
 garbage-first heap   total reserved 4167680K, committed 262144K, used 24576K [0x0000000701a00000, 0x0000000800000000)
  region size 2048K, 12 young (24576K), 0 survivors (0K)
 Metaspace       used 8131K, committed 8320K, reserved 1114112K
  class space    used 867K, committed 960K, reserved 1048576K
}
Event: 1.083 GC heap after
{Heap after GC invocations=1 (full 0):
 garbage-first heap   total reserved 4167680K, committed 262144K, used 5280K [0x0000000701a00000, 0x0000000800000000)
  region size 2048K, 2 young (4096K), 2 survivors (4096K)
 Metaspace       used 8131K, committed 8320K, reserved 1114112K
  class space    used 867K, committed 960K, reserved 1048576K
}
Event: 4.597 GC heap before
{Heap before GC invocations=1 (full 0):
 garbage-first heap   total reserved 4167680K, committed 262144K, used 25760K [0x0000000701a00000, 0x0000000800000000)
  region size 2048K, 12 young (24576K), 2 survivors (4096K)
 Metaspace       used 14698K, committed 15040K, reserved 1114112K
  class space    used 1767K, committed 1920K, reserved 1048576K
}
Event: 4.602 GC heap after
{Heap after GC invocations=2 (full 0):
 garbage-first heap   total reserved 4167680K, committed 262144K, used 7787K [0x0000000701a00000, 0x0000000800000000)
  region size 2048K, 2 young (4096K), 2 survivors (4096K)
 Metaspace       used 14698K, committed 15040K, reserved 1114112K
  class space    used 1767K, committed 1920K, reserved 1048576K
}

Dll operation events (12 events):
Event: 0.015 Loaded shared library C:\Users\lenovo\.jdks\openjdk-23\bin\java.dll
Event: 0.053 Loaded shared library C:\Users\lenovo\.jdks\openjdk-23\bin\jsvml.dll
Event: 0.139 Loaded shared library C:\Users\lenovo\.jdks\openjdk-23\bin\zip.dll
Event: 0.143 Loaded shared library C:\Users\lenovo\.jdks\openjdk-23\bin\instrument.dll
Event: 0.149 Loaded shared library C:\Users\lenovo\.jdks\openjdk-23\bin\net.dll
Event: 0.150 Loaded shared library C:\Users\lenovo\.jdks\openjdk-23\bin\nio.dll
Event: 0.154 Loaded shared library C:\Users\lenovo\.jdks\openjdk-23\bin\zip.dll
Event: 0.181 Loaded shared library D:\Program\intellJ\IntelliJ IDEA Community Edition 2024.2.2\bin\breakgen64.dll
Event: 0.193 Loaded shared library C:\Users\lenovo\.jdks\openjdk-23\bin\extnet.dll
Event: 0.285 Loaded shared library C:\Users\lenovo\.jdks\openjdk-23\bin\verify.dll
Event: 0.293 Loaded shared library C:\Users\lenovo\.jdks\openjdk-23\bin\jimage.dll
Event: 4.726 Loaded shared library C:\Users\lenovo\.jdks\openjdk-23\bin\sunmscapi.dll

Deoptimization events (20 events):
Event: 4.653 Thread 0x000001b946c9a830 DEOPT PACKING pc=0x000001b94f6a57e7 sp=0x000000a6e37fbe90
Event: 4.653 Thread 0x000001b946c9a830 DEOPT UNPACKING pc=0x000001b956954b22 sp=0x000000a6e37fb308 mode 0
Event: 4.657 Thread 0x000001b946c9a830 DEOPT PACKING pc=0x000001b94f6a57e7 sp=0x000000a6e37fbea0
Event: 4.657 Thread 0x000001b946c9a830 DEOPT UNPACKING pc=0x000001b956954b22 sp=0x000000a6e37fb318 mode 0
Event: 4.658 Thread 0x000001b946c9a830 DEOPT PACKING pc=0x000001b94f6a57e7 sp=0x000000a6e37fbe90
Event: 4.658 Thread 0x000001b946c9a830 DEOPT UNPACKING pc=0x000001b956954b22 sp=0x000000a6e37fb308 mode 0
Event: 4.660 Thread 0x000001b946c9a830 DEOPT PACKING pc=0x000001b94f6a57e7 sp=0x000000a6e37fbf00
Event: 4.660 Thread 0x000001b946c9a830 DEOPT UNPACKING pc=0x000001b956954b22 sp=0x000000a6e37fb378 mode 0
Event: 4.741 Thread 0x000001b946c9a830 Uncommon trap: trap_request=0xffffff45 fr.pc=0x000001b956f2de2c relative=0x000000000000026c
Event: 4.741 Thread 0x000001b946c9a830 Uncommon trap: reason=unstable_if action=reinterpret pc=0x000001b956f2de2c method=java.util.HashMap.putVal(ILjava/lang/Object;Ljava/lang/Object;ZZ)Ljava/lang/Object; @ 162 c2
Event: 4.741 Thread 0x000001b946c9a830 DEOPT PACKING pc=0x000001b956f2de2c sp=0x000000a6e37fb4c0
Event: 4.742 Thread 0x000001b946c9a830 DEOPT UNPACKING pc=0x000001b956954402 sp=0x000000a6e37fb3f8 mode 2
Event: 4.755 Thread 0x000001b946c9a830 Uncommon trap: trap_request=0xffffff3d fr.pc=0x000001b956f3026c relative=0x000000000000006c
Event: 4.755 Thread 0x000001b946c9a830 Uncommon trap: reason=unstable_fused_if action=reinterpret pc=0x000001b956f3026c method=java.lang.CharacterDataLatin1.equalsIgnoreCase(BB)Z @ 16 c2
Event: 4.755 Thread 0x000001b946c9a830 DEOPT PACKING pc=0x000001b956f3026c sp=0x000000a6e37fc0a0
Event: 4.755 Thread 0x000001b946c9a830 DEOPT UNPACKING pc=0x000001b956954402 sp=0x000000a6e37fc020 mode 2
Event: 4.806 Thread 0x000001b946c9a830 Uncommon trap: trap_request=0xffffffde fr.pc=0x000001b956eec364 relative=0x0000000000000304
Event: 4.806 Thread 0x000001b946c9a830 Uncommon trap: reason=class_check action=maybe_recompile pc=0x000001b956eec364 method=java.util.regex.Pattern$BmpCharPropertyGreedy.match(Ljava/util/regex/Matcher;ILjava/lang/CharSequence;)Z @ 26 c2
Event: 4.806 Thread 0x000001b946c9a830 DEOPT PACKING pc=0x000001b956eec364 sp=0x000000a6e37fce60
Event: 4.806 Thread 0x000001b946c9a830 DEOPT UNPACKING pc=0x000001b956954402 sp=0x000000a6e37fce18 mode 2

Classes loaded (20 events):
Event: 6.183 Loading class java/util/stream/ReferencePipeline$5
Event: 6.183 Loading class java/util/stream/LongPipeline$StatelessOp
Event: 6.183 Loading class java/util/stream/LongPipeline
Event: 6.183 Loading class java/util/stream/LongStream
Event: 6.184 Loading class java/util/stream/LongStream done
Event: 6.184 Loading class java/util/stream/LongPipeline done
Event: 6.184 Loading class java/util/stream/LongPipeline$StatelessOp done
Event: 6.184 Loading class java/util/stream/ReferencePipeline$5 done
Event: 6.184 Loading class java/util/stream/FindOps$FindSink$OfLong
Event: 6.184 Loading class java/util/stream/Sink$OfLong
Event: 6.184 Loading class java/util/stream/Sink$OfLong done
Event: 6.184 Loading class java/util/stream/FindOps$FindSink$OfLong done
Event: 6.184 Loading class java/util/OptionalLong
Event: 6.185 Loading class java/util/OptionalLong done
Event: 6.185 Loading class java/util/stream/ReferencePipeline$5$1
Event: 6.185 Loading class java/util/stream/ReferencePipeline$5$1 done
Event: 6.186 Loading class java/lang/invoke/VarHandleBytes$FieldInstanceReadWrite
Event: 6.186 Loading class java/lang/invoke/VarHandleBytes$FieldInstanceReadOnly
Event: 6.186 Loading class java/lang/invoke/VarHandleBytes$FieldInstanceReadOnly done
Event: 6.186 Loading class java/lang/invoke/VarHandleBytes$FieldInstanceReadWrite done

Classes unloaded (0 events):
No events

Classes redefined (0 events):
No events

Internal exceptions (20 events):
Event: 4.489 Thread 0x000001b946c9a830 Exception <a 'java/lang/NoSuchMethodError'{0x0000000710966708}: 'java.lang.Object java.lang.invoke.DelegatingMethodHandle$Holder.delegate(java.lang.Object, int, java.lang.Object, java.lang.Object)'> (0x0000000710966708) 
thrown [s\open\src\hotspot\share\interpreter\linkResolver.cpp, line 796]
Event: 4.493 Thread 0x000001b946c9a830 Exception <a 'java/lang/NoSuchMethodError'{0x0000000710976398}: 'int java.lang.invoke.Invokers$Holder.linkToTargetMethod(java.lang.Object, java.lang.Object, java.lang.Object)'> (0x0000000710976398) 
thrown [s\open\src\hotspot\share\interpreter\linkResolver.cpp, line 796]
Event: 4.499 Thread 0x000001b946c9a830 Exception <a 'java/lang/NoSuchMethodError'{0x0000000710985400}: 'long java.lang.invoke.DirectMethodHandle$Holder.invokeSpecial(java.lang.Object, java.lang.Object)'> (0x0000000710985400) 
thrown [s\open\src\hotspot\share\interpreter\linkResolver.cpp, line 796]
Event: 4.541 Thread 0x000001b946c9a830 Exception <a 'sun/nio/fs/WindowsException'{0x0000000710657510}> (0x0000000710657510) 
thrown [s\open\src\hotspot\share\prims\jni.cpp, line 520]
Event: 4.804 Thread 0x000001b946c9a830 Exception <a 'java/lang/NoSuchMethodError'{0x000000071123d160}: 'java.lang.Object java.lang.invoke.DirectMethodHandle$Holder.invokeInterface(java.lang.Object, java.lang.Object, java.lang.Object)'> (0x000000071123d160) 
thrown [s\open\src\hotspot\share\interpreter\linkResolver.cpp, line 796]
Event: 4.804 Thread 0x000001b946c9a830 Exception <a 'java/lang/IncompatibleClassChangeError'{0x0000000711240570}: Found class java.lang.Object, but interface was expected> (0x0000000711240570) 
thrown [s\open\src\hotspot\share\interpreter\linkResolver.cpp, line 863]
Event: 4.805 Thread 0x000001b946c9a830 Exception <a 'java/lang/NoSuchMethodError'{0x0000000711247df0}: 'int java.lang.invoke.DirectMethodHandle$Holder.invokeSpecialIFC(java.lang.Object, java.lang.Object, java.lang.Object, java.lang.Object)'> (0x0000000711247df0) 
thrown [s\open\src\hotspot\share\interpreter\linkResolver.cpp, line 796]
Event: 4.810 Thread 0x000001b946c9a830 Exception <a 'java/lang/NoSuchMethodError'{0x000000071126a9c8}: 'java.lang.Object java.lang.invoke.DirectMethodHandle$Holder.invokeVirtual(java.lang.Object, java.lang.Object, java.lang.Object, java.lang.Object)'> (0x000000071126a9c8) 
thrown [s\open\src\hotspot\share\interpreter\linkResolver.cpp, line 796]
Event: 4.855 Thread 0x000001b943a8a170 Exception <a 'java/net/ConnectException'{0x00000007113a0f20}: Connection refused: getsockopt> (0x00000007113a0f20) 
thrown [s\open\src\hotspot\share\prims\jni.cpp, line 539]
Event: 4.879 Thread 0x000001b943a8a170 Exception <a 'java/net/ConnectException'{0x00000007113a2048}: Connection refused: getsockopt> (0x00000007113a2048) 
thrown [s\open\src\hotspot\share\prims\jni.cpp, line 539]
Event: 4.934 Thread 0x000001b946c9a830 Exception <a 'java/lang/NoSuchMethodError'{0x000000071107b8b8}: 'java.lang.Object java.lang.invoke.DirectMethodHandle$Holder.newInvokeSpecial(java.lang.Object, java.lang.Object, int, int)'> (0x000000071107b8b8) 
thrown [s\open\src\hotspot\share\interpreter\linkResolver.cpp, line 796]
Event: 4.936 Thread 0x000001b946c9a830 Exception <a 'java/lang/NoSuchMethodError'{0x0000000711086200}: 'void java.lang.invoke.DirectMethodHandle$Holder.invokeStatic(java.lang.Object, java.lang.Object, int)'> (0x0000000711086200) 
thrown [s\open\src\hotspot\share\interpreter\linkResolver.cpp, line 796]
Event: 4.986 Thread 0x000001b943db0ef0 Exception <a 'java/lang/NoSuchMethodError'{0x00000007111cd4f8}: 'java.lang.Object java.lang.invoke.DirectMethodHandle$Holder.invokeSpecial(java.lang.Object, java.lang.Object, java.lang.Object, java.lang.Object, int)'> (0x00000007111cd4f8) 
thrown [s\open\src\hotspot\share\interpreter\linkResolver.cpp, line 796]
Event: 4.987 Thread 0x000001b943db0ef0 Exception <a 'java/lang/NoSuchMethodError'{0x00000007111d0e58}: 'java.lang.Object java.lang.invoke.Invokers$Holder.linkToTargetMethod(java.lang.Object, java.lang.Object, int, java.lang.Object)'> (0x00000007111d0e58) 
thrown [s\open\src\hotspot\share\interpreter\linkResolver.cpp, line 796]
Event: 5.004 Thread 0x000001b943db0ef0 Exception <a 'java/lang/NoSuchMethodError'{0x0000000710e113c8}: 'void java.lang.invoke.DirectMethodHandle$Holder.invokeSpecial(java.lang.Object, java.lang.Object, java.lang.Object, java.lang.Object, java.lang.Object)'> (0x0000000710e113c8) 
thrown [s\open\src\hotspot\share\interpreter\linkResolver.cpp, line 796]
Event: 5.015 Thread 0x000001b942c1f1b0 Exception <a 'java/lang/NoSuchMethodError'{0x00000007115f1c38}: 'int java.lang.invoke.DirectMethodHandle$Holder.invokeStatic(java.lang.Object, int, java.lang.Object)'> (0x00000007115f1c38) 
thrown [s\open\src\hotspot\share\interpreter\linkResolver.cpp, line 796]
Event: 5.019 Thread 0x000001b943db0ef0 Exception <a 'java/lang/NoSuchMethodError'{0x0000000710e52bf8}: 'int java.lang.invoke.DirectMethodHandle$Holder.invokeSpecialIFC(java.lang.Object, java.lang.Object, java.lang.Object, java.lang.Object, java.lang.Object)'> (0x0000000710e52bf8) 
thrown [s\open\src\hotspot\share\interpreter\linkResolver.cpp, line 796]
Event: 6.187 Thread 0x000001b943db0ef0 Exception <a 'java/lang/NoSuchMethodError'{0x0000000710fd5f68}: 'java.lang.Object java.lang.invoke.DirectMethodHandle$Holder.newInvokeSpecial(java.lang.Object, java.lang.Object, long, java.lang.Object, java.lang.Object, java.lang.Object)'> (0x0000000710fd5f68) 
thrown [s\open\src\hotspot\share\interpreter\linkResolver.cpp, line 796]
Event: 6.191 Thread 0x000001b943db0ef0 Exception <a 'java/lang/NoSuchMethodError'{0x0000000710fec4d8}: 'void java.lang.invoke.DirectMethodHandle$Holder.invokeSpecial(java.lang.Object, java.lang.Object, java.lang.Object, java.lang.Object, java.lang.Object, java.lang.Object, java.lang.Object)'> (0x0000000710fec4d8) 
thrown [s\open\src\hotspot\share\interpreter\linkResolver.cpp, line 796]
Event: 6.203 Thread 0x000001b946c9a830 Exception <a 'java/lang/NoSuchMethodError'{0x0000000711172c60}: 'java.lang.Object java.lang.invoke.DirectMethodHandle$Holder.invokeSpecialIFC(java.lang.Object, java.lang.Object, java.lang.Object)'> (0x0000000711172c60) 
thrown [s\open\src\hotspot\share\interpreter\linkResolver.cpp, line 796]

VM Operations (20 events):
Event: 1.079 Executing VM operation: G1CollectForAllocation (G1 Evacuation Pause)
Event: 1.083 Executing VM operation: G1CollectForAllocation (G1 Evacuation Pause) done
Event: 1.123 Executing VM operation: HandshakeAllThreads (Deoptimize)
Event: 1.123 Executing VM operation: HandshakeAllThreads (Deoptimize) done
Event: 1.123 Executing VM operation: HandshakeAllThreads (Deoptimize)
Event: 1.123 Executing VM operation: HandshakeAllThreads (Deoptimize) done
Event: 1.126 Executing VM operation: HandshakeAllThreads (Deoptimize)
Event: 1.126 Executing VM operation: HandshakeAllThreads (Deoptimize) done
Event: 4.503 Executing VM operation: HandshakeAllThreads (Deoptimize)
Event: 4.503 Executing VM operation: HandshakeAllThreads (Deoptimize) done
Event: 4.597 Executing VM operation: G1CollectForAllocation (G1 Evacuation Pause)
Event: 4.602 Executing VM operation: G1CollectForAllocation (G1 Evacuation Pause) done
Event: 4.605 Executing VM operation: HandshakeAllThreads (Deoptimize)
Event: 4.605 Executing VM operation: HandshakeAllThreads (Deoptimize) done
Event: 4.916 Executing VM operation: HandshakeAllThreads (Deoptimize)
Event: 4.916 Executing VM operation: HandshakeAllThreads (Deoptimize) done
Event: 6.178 Executing VM operation: HandshakeAllThreads (Deoptimize)
Event: 6.178 Executing VM operation: HandshakeAllThreads (Deoptimize) done
Event: 6.180 Executing VM operation: HandshakeAllThreads (Deoptimize)
Event: 6.181 Executing VM operation: HandshakeAllThreads (Deoptimize) done

Memory protections (0 events):
No events

Nmethod flushes (0 events):
No events

Events (20 events):
Event: 0.182 Thread 0x000001b946c9a830 Thread added: 0x000001b94124db90
Event: 0.780 Thread 0x000001b94119c080 Thread exited: 0x000001b94119c080
Event: 0.955 Thread 0x000001b9662129d0 Thread added: 0x000001b941b78610
Event: 1.083 Thread 0x000001b941b78610 Thread exited: 0x000001b941b78610
Event: 1.130 Thread 0x000001b9662129d0 Thread added: 0x000001b941b7a820
Event: 1.663 Thread 0x000001b946c9a830 Thread added: 0x000001b942297700
Event: 4.390 Thread 0x000001b941b7a820 Thread exited: 0x000001b941b7a820
Event: 4.391 Thread 0x000001b942297700 Thread exited: 0x000001b942297700
Event: 4.447 Thread 0x000001b946c9a830 Thread added: 0x000001b94236be00
Event: 4.515 Thread 0x000001b9662129d0 Thread added: 0x000001b941b77f40
Event: 4.783 Thread 0x000001b946c9a830 Thread added: 0x000001b942c1f1b0
Event: 4.820 Thread 0x000001b946c9a830 Thread added: 0x000001b9433b8cf0
Event: 4.821 Thread 0x000001b946c9a830 Thread added: 0x000001b94395fd00
Event: 4.822 Thread 0x000001b946c9a830 Thread added: 0x000001b94379cbd0
Event: 4.826 Thread 0x000001b94395fd00 Thread added: 0x000001b943a8a170
Event: 4.915 Thread 0x000001b943a8a170 Thread added: 0x000001b943db2930
Event: 4.974 Thread 0x000001b946c9a830 Thread added: 0x000001b943db0ef0
Event: 5.018 Thread 0x000001b942c1f1b0 Thread added: 0x000001b943db3650
Event: 5.019 Thread 0x000001b942c1f1b0 Thread added: 0x000001b943db3ce0
Event: 6.178 Thread 0x000001b941b77f40 Thread exited: 0x000001b941b77f40


Dynamic libraries:
0x00007ff712e40000 - 0x00007ff712e4e000 	C:\Users\lenovo\.jdks\openjdk-23\bin\java.exe
0x00007ffb8d310000 - 0x00007ffb8d508000 	C:\Windows\SYSTEM32\ntdll.dll
0x00007ffb8d120000 - 0x00007ffb8d1e1000 	C:\Windows\System32\KERNEL32.DLL
0x00007ffb8ace0000 - 0x00007ffb8afdd000 	C:\Windows\System32\KERNELBASE.dll
0x00007ffb8abb0000 - 0x00007ffb8acb0000 	C:\Windows\System32\ucrtbase.dll
0x00007ffb876e0000 - 0x00007ffb876f7000 	C:\Users\lenovo\.jdks\openjdk-23\bin\jli.dll
0x00007ffb873f0000 - 0x00007ffb8740b000 	C:\Users\lenovo\.jdks\openjdk-23\bin\VCRUNTIME140.dll
0x00007ffb8c9b0000 - 0x00007ffb8cb4d000 	C:\Windows\System32\USER32.dll
0x00007ffb75cb0000 - 0x00007ffb75f4a000 	C:\Windows\WinSxS\amd64_microsoft.windows.common-controls_6595b64144ccf1df_6.0.19041.4355_none_60b8b9eb71f62e16\COMCTL32.dll
0x00007ffb8acb0000 - 0x00007ffb8acd2000 	C:\Windows\System32\win32u.dll
0x00007ffb8d080000 - 0x00007ffb8d11e000 	C:\Windows\System32\msvcrt.dll
0x00007ffb8d050000 - 0x00007ffb8d07b000 	C:\Windows\System32\GDI32.dll
0x00007ffb8aa60000 - 0x00007ffb8ab77000 	C:\Windows\System32\gdi32full.dll
0x00007ffb8a9c0000 - 0x00007ffb8aa5d000 	C:\Windows\System32\msvcp_win.dll
0x00007ffb8b400000 - 0x00007ffb8b42f000 	C:\Windows\System32\IMM32.DLL
0x00007ffb87290000 - 0x00007ffb8729c000 	C:\Users\lenovo\.jdks\openjdk-23\bin\vcruntime140_1.dll
0x00007ffb61b50000 - 0x00007ffb61bde000 	C:\Users\lenovo\.jdks\openjdk-23\bin\msvcp140.dll
0x00007ffb2ce80000 - 0x00007ffb2dbcf000 	C:\Users\lenovo\.jdks\openjdk-23\bin\server\jvm.dll
0x00007ffb8bad0000 - 0x00007ffb8bb80000 	C:\Windows\System32\ADVAPI32.dll
0x00007ffb8d1f0000 - 0x00007ffb8d290000 	C:\Windows\System32\sechost.dll
0x00007ffb8b930000 - 0x00007ffb8ba53000 	C:\Windows\System32\RPCRT4.dll
0x00007ffb8ab80000 - 0x00007ffb8aba7000 	C:\Windows\System32\bcrypt.dll
0x00007ffb8ba60000 - 0x00007ffb8bacb000 	C:\Windows\System32\WS2_32.dll
0x00007ffb89f00000 - 0x00007ffb89f4b000 	C:\Windows\SYSTEM32\POWRPROF.dll
0x00007ffb79f80000 - 0x00007ffb79fa7000 	C:\Windows\SYSTEM32\WINMM.dll
0x00007ffb83110000 - 0x00007ffb8311a000 	C:\Windows\SYSTEM32\VERSION.dll
0x00007ffb89dc0000 - 0x00007ffb89dd2000 	C:\Windows\SYSTEM32\UMPDC.dll
0x00007ffb88840000 - 0x00007ffb88852000 	C:\Windows\SYSTEM32\kernel.appcore.dll
0x00007ffb87280000 - 0x00007ffb8728a000 	C:\Users\lenovo\.jdks\openjdk-23\bin\jimage.dll
0x00007ffb77e50000 - 0x00007ffb78034000 	C:\Windows\SYSTEM32\DBGHELP.DLL
0x00007ffb71690000 - 0x00007ffb716c4000 	C:\Windows\SYSTEM32\dbgcore.DLL
0x00007ffb8b240000 - 0x00007ffb8b2c2000 	C:\Windows\System32\bcryptPrimitives.dll
0x00007ffb87270000 - 0x00007ffb8727f000 	C:\Users\lenovo\.jdks\openjdk-23\bin\instrument.dll
0x00007ffb84f60000 - 0x00007ffb84f7e000 	C:\Users\lenovo\.jdks\openjdk-23\bin\java.dll
0x00007ffb8cf20000 - 0x00007ffb8d04b000 	C:\Windows\System32\ole32.dll
0x00007ffb8c500000 - 0x00007ffb8c853000 	C:\Windows\System32\combase.dll
0x00007ffb8bb80000 - 0x00007ffb8c2ef000 	C:\Windows\System32\SHELL32.dll
0x00007ffb88a40000 - 0x00007ffb891e3000 	C:\Windows\SYSTEM32\windows.storage.dll
0x00007ffb8a3f0000 - 0x00007ffb8a41e000 	C:\Windows\SYSTEM32\Wldp.dll
0x00007ffb8ccf0000 - 0x00007ffb8cdbd000 	C:\Windows\System32\OLEAUT32.dll
0x00007ffb8ce70000 - 0x00007ffb8cf1d000 	C:\Windows\System32\SHCORE.dll
0x00007ffb8c940000 - 0x00007ffb8c995000 	C:\Windows\System32\shlwapi.dll
0x00007ffb8a8f0000 - 0x00007ffb8a914000 	C:\Windows\SYSTEM32\profapi.dll
0x00007ffb61a70000 - 0x00007ffb61b47000 	C:\Users\lenovo\.jdks\openjdk-23\bin\jsvml.dll
0x00007ffb84f40000 - 0x00007ffb84f57000 	C:\Users\lenovo\.jdks\openjdk-23\bin\zip.dll
0x00007ffb86070000 - 0x00007ffb86080000 	C:\Users\lenovo\.jdks\openjdk-23\bin\net.dll
0x00007ffb8a150000 - 0x00007ffb8a1ba000 	C:\Windows\system32\mswsock.dll
0x00007ffb844f0000 - 0x00007ffb84506000 	C:\Users\lenovo\.jdks\openjdk-23\bin\nio.dll
0x00007ffb806f0000 - 0x00007ffb8070a000 	D:\Program\intellJ\IntelliJ IDEA Community Edition 2024.2.2\bin\breakgen64.dll
0x00007ffb85180000 - 0x00007ffb85189000 	C:\Users\lenovo\.jdks\openjdk-23\bin\extnet.dll
0x00007ffb83950000 - 0x00007ffb83960000 	C:\Users\lenovo\.jdks\openjdk-23\bin\verify.dll
0x00007ffb8a350000 - 0x00007ffb8a368000 	C:\Windows\SYSTEM32\CRYPTSP.dll
0x00007ffb89a00000 - 0x00007ffb89a34000 	C:\Windows\system32\rsaenh.dll
0x00007ffb8a870000 - 0x00007ffb8a89e000 	C:\Windows\SYSTEM32\USERENV.dll
0x00007ffb8a340000 - 0x00007ffb8a34c000 	C:\Windows\SYSTEM32\CRYPTBASE.dll
0x00007ffb89de0000 - 0x00007ffb89e1b000 	C:\Windows\SYSTEM32\IPHLPAPI.DLL
0x00007ffb8d2c0000 - 0x00007ffb8d2c8000 	C:\Windows\System32\NSI.dll
0x00007ffb89e20000 - 0x00007ffb89eea000 	C:\Windows\SYSTEM32\DNSAPI.dll
0x000000006a270000 - 0x000000006a296000 	C:\Program Files\Bonjour\mdnsNSP.dll
0x00007ffb81b60000 - 0x00007ffb81b6a000 	C:\Windows\System32\rasadhlp.dll
0x00007ffb80800000 - 0x00007ffb80880000 	C:\Windows\System32\fwpuclnt.dll
0x00007ffb7e040000 - 0x00007ffb7e04e000 	C:\Users\lenovo\.jdks\openjdk-23\bin\sunmscapi.dll
0x00007ffb8b090000 - 0x00007ffb8b1ec000 	C:\Windows\System32\CRYPT32.dll
0x00007ffb8a460000 - 0x00007ffb8a489000 	C:\Windows\SYSTEM32\ncrypt.dll
0x00007ffb8a420000 - 0x00007ffb8a45b000 	C:\Windows\SYSTEM32\NTASN1.dll
0x00007ffb6a850000 - 0x00007ffb6a857000 	C:\Windows\system32\wshunix.dll

dbghelp: loaded successfully - version: 4.0.5 - missing functions: none
symbol engine: initialized successfully - sym options: 0x614 - pdb path: .;C:\Users\lenovo\.jdks\openjdk-23\bin;C:\Windows\SYSTEM32;C:\Windows\WinSxS\amd64_microsoft.windows.common-controls_6595b64144ccf1df_6.0.19041.4355_none_60b8b9eb71f62e16;C:\Users\lenovo\.jdks\openjdk-23\bin\server;D:\Program\intellJ\IntelliJ IDEA Community Edition 2024.2.2\bin;C:\Program Files\Bonjour

VM Arguments:
jvm_args: -ea -Didea.test.cyclic.buffer.size=1048576 -javaagent:D:\Program\intellJ\IntelliJ IDEA Community Edition 2024.2.2\lib\idea_rt.jar=5283:D:\Program\intellJ\IntelliJ IDEA Community Edition 2024.2.2\bin -Dfile.encoding=UTF-8 -Dsun.stdout.encoding=UTF-8 -Dsun.stderr.encoding=UTF-8 
java_command: com.intellij.rt.testng.RemoteTestNGStarter -usedefaultlisteners false -socket5282 @w@C:\Users\lenovo\AppData\Local\Temp\idea_working_dirs_testng.tmp -temp C:\Users\lenovo\AppData\Local\Temp\idea_testng.tmp
java_class_path (initial): D:\Program\intellJ\IntelliJ IDEA Community Edition 2024.2.2\lib\idea_rt.jar;D:\Program\intellJ\IntelliJ IDEA Community Edition 2024.2.2\plugins\testng\lib\testng-rt.jar;D:\Program\intellJ\Projects\SwagLabs\target\test-classes;D:\Program\intellJ\Projects\SwagLabs\target\classes;C:\Users\lenovo\.m2\repository\org\seleniumhq\selenium\selenium-java\4.25.0\selenium-java-4.25.0.jar;C:\Users\lenovo\.m2\repository\org\seleniumhq\selenium\selenium-api\4.25.0\selenium-api-4.25.0.jar;C:\Users\lenovo\.m2\repository\org\jspecify\jspecify\1.0.0\jspecify-1.0.0.jar;C:\Users\lenovo\.m2\repository\org\seleniumhq\selenium\selenium-chrome-driver\4.25.0\selenium-chrome-driver-4.25.0.jar;C:\Users\lenovo\.m2\repository\org\seleniumhq\selenium\selenium-chromium-driver\4.25.0\selenium-chromium-driver-4.25.0.jar;C:\Users\lenovo\.m2\repository\org\seleniumhq\selenium\selenium-manager\4.25.0\selenium-manager-4.25.0.jar;C:\Users\lenovo\.m2\repository\org\seleniumhq\selenium\selenium-devtools-v127\4.25.0\selenium-devtools-v127-4.25.0.jar;C:\Users\lenovo\.m2\repository\org\seleniumhq\selenium\selenium-devtools-v128\4.25.0\selenium-devtools-v128-4.25.0.jar;C:\Users\lenovo\.m2\repository\org\seleniumhq\selenium\selenium-devtools-v129\4.25.0\selenium-devtools-v129-4.25.0.jar;C:\Users\lenovo\.m2\repository\org\seleniumhq\selenium\selenium-devtools-v85\4.25.0\selenium-devtools-v85-4.25.0.jar;C:\Users\lenovo\.m2\repository\org\seleniumhq\selenium\selenium-edge-driver\4.25.0\selenium-edge-driver-4.25.0.jar;C:\Users\lenovo\.m2\repository\org\seleniumhq\selenium\selenium-firefox-driver\4.25.0\selenium-firefox-driver-4.25.0.jar;C:\Users\lenovo\.m2\repository\org\seleniumhq\selenium\selenium-http\4.25.0\selenium-http-4.25.0.jar;C:\Users\lenovo\.m2\repository\dev\failsafe\failsafe\3.3.2\failsafe-3.3.2.jar;C:\Users\lenovo\.m2\repository\org\seleniumhq\selenium\selenium-ie-driver\4.25.0\selenium-ie-driver-4.25.0.jar;C:\Users\lenovo\.m2\repository\org\seleniumhq\selenium\selenium-remote-driver\4.25.0\selenium-remote-driver-4.25.0.jar;C:\Users\lenovo\.m2\repository\io\opentelemetry\semconv\opentelemetry-semconv\1.25.0-alpha\opentelemetry-semconv-1.25.0-alpha.jar;C:\Users\lenovo\.m2\repository\io\opentelemetry\opentelemetry-api\1.42.1\opentelemetry-api-1.42.1.jar;C:\Users\lenovo\.m2\repository\io\opentelemetry\opentelemetry-context\1.42.1\opentelemetry-context-1.42.1.jar;C:\Users\lenovo\.m2\repository\io\opentelemetry\opentelemetry-exporter-logging\1.42.1\opentelemetry-exporter-logging-1.42.1.jar;C:\Users\lenovo\.m2\repository\io\opentelemetry\opentelemetry-sdk-common\1.42.1\opentelemetry-sdk-common-1.42.1.jar;C:\Users\lenovo\.m2\repository\io\opentelemetry\opentelemetry-sdk-extension-autoconfigure-spi\1.42.1\opentelemetry-sdk-extension-autoconfigure-spi-1.42.1.jar;C:\Users\lenovo\.m2\repository\io\opentelemetry\opentelemetry-sdk-extension-autoconfigure\1.42.1\opentelemetry-sdk-extension-autoconfigure-1.42.1.jar;C:\Users\lenovo\.m2\repository\io\opentelemetry\opentelemetry-api-incubator\1.42.1-alpha\opentelemetry-api-incubator-1.42.1-alpha.jar;C:\Users\lenovo\.m2\repository\io\opentelemetry\opentelemetry-sdk-trace\1.42.1\opentelemetry-sdk-trace-1.42.1.jar;C:\Users\lenovo\.m2\repository\io\opentelemetry\opentelemetry-sdk\1.42.1\opentelemetry-sdk-1.42.1.jar;C:\Users\lenovo\.m2\repository\io\opentelemetry\opentelemetry-sdk-metrics\1.42.1\opentelemetry-sdk-metrics-1.42.1.jar;C:\Users\lenovo\.m2\repository\io\opentelemetry\opentelemetry-sdk-logs\1.42.1\opentelemetry-sdk-logs-1.42.1.jar;C:\Users\lenovo\.m2\repository\org\seleniumhq\selenium\selenium-os\4.25.0\selenium-os-4.25.0.jar;C:\Users\lenovo\.m2\repository\org\apache\commons\commons-exec\1.4.0\commons-exec-1.4.0.jar;C:\Users\lenovo\.m2\repository\org\seleniumhq\selenium\selenium-safari-driver\4.25.0\selenium-safari-driver-4.25.0.jar;C:\Users\lenovo\.m2\repository\org\seleniumhq\selenium\selenium-support\4.25.0\selenium-support-4.25.0.jar;C:\Users\lenovo\.m2\repository\com\google\auto\service\auto-service-annotations\1.1.1\auto-service-annotations-1.1.1.jar;C:\Users\lenovo\.m2\repository\com\google\guava\guava\33.3.0-jre\guava-33.3.0-jre.jar;C:\Users\lenovo\.m2\repository\com\google\guava\failureaccess\1.0.2\failureaccess-1.0.2.jar;C:\Users\lenovo\.m2\repository\com\google\guava\listenablefuture\9999.0-empty-to-avoid-conflict-with-guava\listenablefuture-9999.0-empty-to-avoid-conflict-with-guava.jar;C:\Users\lenovo\.m2\repository\com\google\code\findbugs\jsr305\3.0.2\jsr305-3.0.2.jar;C:\Users\lenovo\.m2\repository\org\checkerframework\checker-qual\3.43.0\checker-qual-3.43.0.jar;C:\Users\lenovo\.m2\repository\com\google\errorprone\error_prone_annotations\2.28.0\error_prone_annotations-2.28.0.jar;C:\Users\lenovo\.m2\repository\com\google\j2objc\j2objc-annotations\3.0.0\j2objc-annotations-3.0.0.jar;C:\Users\lenovo\.m2\repository\net\bytebuddy\byte-buddy\1.15.1\byte-buddy-1.15.1.jar;C:\Users\lenovo\.m2\repository\org\seleniumhq\selenium\selenium-json\4.25.0\selenium-json-4.25.0.jar;C:\Users\lenovo\.m2\repository\org\testng\testng\7.10.2\testng-7.10.2.jar;C:\Users\lenovo\.m2\repository\org\slf4j\slf4j-api\1.7.36\slf4j-api-1.7.36.jar;C:\Users\lenovo\.m2\repository\com\beust\jcommander\1.82\jcommander-1.82.jar;C:\Users\lenovo\.m2\repository\org\webjars\jquery\3.7.1\jquery-3.7.1.jar;C:\Users\lenovo\.m2\repository\io\qameta\allure\allure-testng\2.29.0\allure-testng-2.29.0.jar;C:\Users\lenovo\.m2\repository\io\qameta\allure\allure-java-commons\2.29.0\allure-java-commons-2.29.0.jar;C:\Users\lenovo\.m2\repository\io\qameta\allure\allure-model\2.29.0\allure-model-2.29.0.jar;C:\Users\lenovo\.m2\repository\io\qameta\allure\allure-test-filter\2.29.0\allure-test-filter-2.29.0.jar;C:\Users\lenovo\.m2\repository\commons-io\commons-io\2.11.0\commons-io-2.11.0.jar;C:\Users\lenovo\.m2\repository\com\assertthat\selenium-shutterbug\1.6\selenium-shutterbug-1.6.jar;C:\Users\lenovo\.m2\repository\com\github\zafarkhaja\java-semver\0.9.0\java-semver-0.9.0.jar;C:\Users\lenovo\.m2\repository\io\github\bonigarcia\webdrivermanager\4.0.0\webdrivermanager-4.0.0.jar;C:\Users\lenovo\.m2\repository\com\google\code\gson\gson\2.8.6\gson-2.8.6.jar;C:\Users\lenovo\.m2\repository\org\apache\commons\commons-lang3\3.10\commons-lang3-3.10.jar;C:\Users\lenovo\.m2\repository\org\apache\httpcomponents\client5\httpclient5\5.0\httpclient5-5.0.jar;C:\Users\lenovo\.m2\repository\org\apache\httpcomponents\core5\httpcore5\5.0\httpcore5-5.0.jar;C:\Users\lenovo\.m2\repository\org\apache\httpcomponents\core5\httpcore5-h2\5.0\httpcore5-h2-5.0.jar;C:\Users\lenovo\.m2\repository\commons-codec\commons-codec\1.13\commons-codec-1.13.jar;C:\Users\lenovo\.m2\repository\org\rauschig\jarchivelib\1.0.0\jarchivelib-1.0.0.jar;C:\Users\lenovo\.m2\repository\org\apache\commons\commons-compress\1.18\commons-compress-1.18.jar;C:\Users\lenovo\.m2\repository\org\jsoup\jsoup\1.13.1\jsoup-1.13.1.jar
Launcher Type: SUN_STANDARD

[Global flags]
     intx CICompilerCount                          = 4                                         {product} {ergonomic}
     uint ConcGCThreads                            = 2                                         {product} {ergonomic}
     uint G1ConcRefinementThreads                  = 8                                         {product} {ergonomic}
   size_t G1HeapRegionSize                         = 2097152                                   {product} {ergonomic}
   size_t InitialHeapSize                          = 268435456                                 {product} {ergonomic}
   size_t MarkStackSize                            = 4194304                                   {product} {ergonomic}
   size_t MarkStackSizeMax                         = 536870912                                 {product} {ergonomic}
   size_t MaxHeapSize                              = 4267704320                                {product} {ergonomic}
   size_t MaxNewSize                               = 2560622592                                {product} {ergonomic}
   size_t MinHeapDeltaBytes                        = 2097152                                   {product} {ergonomic}
   size_t MinHeapSize                              = 8388608                                   {product} {ergonomic}
    uintx NonNMethodCodeHeapSize                   = 5832704                                {pd product} {ergonomic}
    uintx NonProfiledCodeHeapSize                  = 122945536                              {pd product} {ergonomic}
    uintx ProfiledCodeHeapSize                     = 122880000                              {pd product} {ergonomic}
    uintx ReservedCodeCacheSize                    = 251658240                              {pd product} {ergonomic}
     bool SegmentedCodeCache                       = true                                      {product} {ergonomic}
   size_t SoftMaxHeapSize                          = 4267704320                             {manageable} {ergonomic}
     bool UseCompressedOops                        = true                           {product lp64_product} {ergonomic}
     bool UseG1GC                                  = true                                      {product} {ergonomic}
     bool UseLargePagesIndividualAllocation        = false                                  {pd product} {ergonomic}

Logging:
Log output configuration:
 #0: stdout all=warning uptime,level,tags foldmultilines=false
 #1: stderr all=off uptime,level,tags foldmultilines=false

Environment Variables:
PATH=D:\IOS\VMWare\bin\;C:\Program Files\Common Files\Oracle\Java\javapath;C:\Windows\system32;C:\Windows;C:\Windows\System32\Wbem;C:\Windows\System32\WindowsPowerShell\v1.0\;C:\Windows\System32\OpenSSH\;C:\Program Files (x86)\NVIDIA Corporation\PhysX\Common;C:\MinGW\bin;C:\Program Files\NVIDIA Corporation\NVIDIA NvDLISR;D:\Program\Notepad++\mingw32\bin;D:\Program\Git\Git\cmd;C:\Program Files\Cloudflare\Cloudflare WARP\;C:\Program Files\Microsoft SQL Server\150\Tools\Binn\;C:\Program Files\Microsoft SQL Server\Client SDK\ODBC\170\Tools\Binn\;C:\Program Files\dotnet\;C:\Program Files (x86)\Microsoft SQL Server\160\Tools\Binn\;C:\Program Files\Microsoft SQL Server\160\Tools\Binn\;C:\Program Files\Microsoft SQL Server\160\DTS\Binn\;C:\Program Files (x86)\Microsoft SQL Server\160\DTS\Binn\;D:\PYTHON SETUP\SET UP\Scripts\;D:\PYTHON SETUP\SET UP\;C:\Users\lenovo\AppData\Local\Microsoft\WindowsApps;C:\Users\lenovo\.dotnet\tools;D:\Program\intellJ\IntelliJ IDEA Community Edition 2024.2.2\bin;
USERNAME=lenovo
OS=Windows_NT
PROCESSOR_IDENTIFIER=Intel64 Family 6 Model 158 Stepping 9, GenuineIntel
TMP=C:\Users\lenovo\AppData\Local\Temp
TEMP=C:\Users\lenovo\AppData\Local\Temp




Periodic native trim disabled

---------------  S Y S T E M  ---------------

OS:
 Windows 10 , 64 bit Build 19041 (10.0.19041.4842)
OS uptime: 9 days 13:26 hours

CPU: total 8 (initial active 8) (4 cores per cpu, 2 threads per core) family 6 model 158 stepping 9 microcode 0xb4, cx8, cmov, fxsr, ht, mmx, 3dnowpref, sse, sse2, sse3, ssse3, sse4.1, sse4.2, popcnt, lzcnt, tsc, tscinvbit, avx, avx2, aes, erms, clmul, bmi1, bmi2, adx, fma, vzeroupper, clflush, clflushopt, rdtscp, f16c
Processor Information for the first 8 processors :
  Max Mhz: 2801, Current Mhz: 2800, Mhz Limit: 2772

Memory: 4k page, system-wide physical 16276M (504M free)
TotalPageFile size 31537M (AvailPageFile size 2M)
current process WorkingSet (physical memory assigned to process): 116M, peak: 143M
current process commit charge ("private bytes"): 385M, peak: 409M

vm_info: OpenJDK 64-Bit Server VM (23+37-2369) for windows-amd64 JRE (23+37-2369), built on 2024-08-20T16:01:23Z with MS VC++ 17.6 (VS2022)

END.
